[2024-01-09 15:03:47] local.INFO: array (
  1 => 11079,
  2 => 11177,
  3 => 11004,
  4 => 11266,
  5 => 10864,
  6 => 11140,
  7 => 11302,
  8 => 11034,
  9 => 11176,
  10 => 10897,
  11 => 11043,
  12 => 11051,
  13 => 11109,
  14 => 11143,
  15 => 11193,
  16 => 11052,
  17 => 11198,
  18 => 10972,
  19 => 11204,
  20 => 11137,
  21 => 11064,
  22 => 11073,
  23 => 10991,
  24 => 11038,
  25 => 11251,
  26 => 1,
  27 => 1,
  28 => 1,
  29 => 1,
  30 => 1,
  31 => 1,
  33 => 1,
  34 => 1,
  36 => 1,
  37 => 1,
  38 => 1,
  40 => 1,
  41 => 1,
  42 => 2,
  43 => 1,
  44 => 1,
  46 => 1,
  49 => 1,
  52 => 1,
  53 => 1,
  54 => 1,
  56 => 1,
  57 => 1,
  58 => 1,
  59 => 1,
  60 => 2,
  62 => 1,
  63 => 1,
  64 => 1,
  65 => 1,
  66 => 5,
  70 => 1,
  71 => 1,
  73 => 1,
  75 => 1,
  76 => 1,
  77 => 1,
  78 => 1,
  80 => 1,
  81 => 1,
  82 => 1,
  83 => 1,
  84 => 1,
  85 => 1,
  86 => 1,
  87 => 1,
  88 => 2,
  89 => 1,
  90 => 1,
  91 => 2,
  92 => 1,
  93 => 1,
  94 => 1,
  95 => 1,
  96 => 1,
  97 => 1,
  98 => 1,
  99 => 1,
  100 => 1,
  102 => 1,
  103 => 1,
  105 => 1,
  106 => 2,
  107 => 1,
  108 => 1,
  109 => 1,
  112 => 1,
  116 => 1,
  119 => 1,
  122 => 1,
  125 => 1,
  126 => 1,
  127 => 1,
  128 => 1,
  129 => 2,
  131 => 1,
  132 => 1,
  133 => 1,
  134 => 1,
  135 => 1,
  136 => 1,
  137 => 1,
  138 => 1,
  139 => 1,
  140 => 1,
  142 => 1,
  143 => 1,
  144 => 1,
  146 => 1,
  150 => 1,
  151 => 1,
  153 => 1,
  154 => 1,
  155 => 1,
  156 => 1,
  157 => 1,
  158 => 1,
  160 => 1,
  161 => 1,
  162 => 1,
  163 => 1,
  164 => 1,
  165 => 1,
  166 => 1,
  167 => 1,
  168 => 1,
  170 => 1,
  171 => 1,
  173 => 1,
  174 => 1,
  175 => 1,
  176 => 1,
  178 => 1,
  179 => 1,
  180 => 1,
  181 => 1,
  182 => 1,
  183 => 1,
  184 => 1,
  186 => 1,
  187 => 1,
  188 => 2,
  189 => 1,
  190 => 1,
  191 => 1,
  192 => 1,
  193 => 1,
  195 => 1,
  196 => 1,
  197 => 1,
  199 => 1,
  200 => 1,
  203 => 1,
  204 => 1,
  205 => 1,
  206 => 1,
  207 => 1,
  210 => 1,
  211 => 1,
  212 => 1,
  213 => 1,
  216 => 1,
  217 => 1,
  218 => 1,
  221 => 1,
  222 => 1,
  223 => 1,
  224 => 1,
  225 => 1,
  227 => 1,
  228 => 1,
  231 => 1,
  232 => 1,
  234 => 1,
  235 => 1,
  236 => 1,
  239 => 1,
  240 => 1,
  241 => 1,
  243 => 1,
  244 => 1,
  245 => 1,
  246 => 1,
  247 => 1,
  249 => 1,
  250 => 1,
  251 => 1,
  253 => 1,
  254 => 1,
  255 => 1,
  256 => 1,
  257 => 1,
  258 => 1,
  259 => 1,
  260 => 1,
  263 => 1,
)  
[2024-01-09 15:03:47] local.INFO: array (
  11079 => 1,
  11177 => 2,
  11004 => 3,
  11266 => 4,
  10864 => 5,
  11140 => 6,
  11302 => 7,
  11034 => 8,
  11176 => 9,
  10897 => 10,
  11043 => 11,
  11051 => 12,
  11109 => 13,
  11143 => 14,
  11193 => 15,
  11052 => 16,
  11198 => 17,
  10972 => 18,
  11204 => 19,
  11137 => 20,
  11064 => 21,
  11073 => 22,
  10991 => 23,
  11038 => 24,
  11251 => 25,
  1 => 263,
  2 => 188,
  5 => 66,
)  
[2024-01-09 15:03:47] local.INFO: array (
  1 => 11079,
  2 => 11177,
  3 => 11004,
  4 => 11266,
  5 => 10864,
  6 => 11140,
  7 => 11302,
  8 => 11034,
  9 => 11176,
  10 => 10897,
  11 => 11043,
  12 => 11051,
  13 => 11109,
  14 => 11143,
  15 => 11193,
  16 => 11052,
  17 => 11198,
  18 => 10972,
  19 => 11204,
  20 => 11137,
  21 => 11064,
  22 => 11073,
  23 => 10991,
  24 => 11038,
  25 => 11251,
  26 => 1,
  27 => 1,
  28 => 1,
  29 => 1,
  30 => 1,
  31 => 1,
  33 => 1,
  34 => 1,
  36 => 1,
  37 => 1,
  38 => 1,
  40 => 1,
  41 => 1,
  42 => 2,
  43 => 1,
  44 => 1,
  46 => 1,
  49 => 1,
  52 => 1,
  53 => 1,
  54 => 1,
  56 => 1,
  57 => 1,
  58 => 1,
  59 => 1,
  60 => 2,
  62 => 1,
  63 => 1,
  64 => 1,
  65 => 1,
  66 => 5,
  70 => 1,
  71 => 1,
  73 => 1,
  75 => 1,
  76 => 1,
  77 => 1,
  78 => 1,
  80 => 1,
  81 => 1,
  82 => 1,
  83 => 1,
  84 => 1,
  85 => 1,
  86 => 1,
  87 => 1,
  88 => 2,
  89 => 1,
  90 => 1,
  91 => 2,
  92 => 1,
  93 => 1,
  94 => 1,
  95 => 1,
  96 => 1,
  97 => 1,
  98 => 1,
  99 => 1,
  100 => 1,
  102 => 1,
  103 => 1,
  105 => 1,
  106 => 2,
  107 => 1,
  108 => 1,
  109 => 1,
  112 => 1,
  116 => 1,
  119 => 1,
  122 => 1,
  125 => 1,
  126 => 1,
  127 => 1,
  128 => 1,
  129 => 2,
  131 => 1,
  132 => 1,
  133 => 1,
  134 => 1,
  135 => 1,
  136 => 1,
  137 => 1,
  138 => 1,
  139 => 1,
  140 => 1,
  142 => 1,
  143 => 1,
  144 => 1,
  146 => 1,
  150 => 1,
  151 => 1,
  153 => 1,
  154 => 1,
  155 => 1,
  156 => 1,
  157 => 1,
  158 => 1,
  160 => 1,
  161 => 1,
  162 => 1,
  163 => 1,
  164 => 1,
  165 => 1,
  166 => 1,
  167 => 1,
  168 => 1,
  170 => 1,
  171 => 1,
  173 => 1,
  174 => 1,
  175 => 1,
  176 => 1,
  178 => 1,
  179 => 1,
  180 => 1,
  181 => 1,
  182 => 1,
  183 => 1,
  184 => 1,
  186 => 1,
  187 => 1,
  188 => 2,
  189 => 1,
  190 => 1,
  191 => 1,
  192 => 1,
  193 => 1,
  195 => 1,
  196 => 1,
  197 => 1,
  199 => 1,
  200 => 1,
  203 => 1,
  204 => 1,
  205 => 1,
  206 => 1,
  207 => 1,
  210 => 1,
  211 => 1,
  212 => 1,
  213 => 1,
  216 => 1,
  217 => 1,
  218 => 1,
  221 => 1,
  222 => 1,
  223 => 1,
  224 => 1,
  225 => 1,
  227 => 1,
  228 => 1,
  231 => 1,
  232 => 1,
  234 => 1,
  235 => 1,
  236 => 1,
  239 => 1,
  240 => 1,
  241 => 1,
  243 => 1,
  244 => 1,
  245 => 1,
  246 => 1,
  247 => 1,
  249 => 1,
  250 => 1,
  251 => 1,
  253 => 1,
  254 => 1,
  255 => 1,
  256 => 1,
  257 => 1,
  258 => 1,
  259 => 1,
  260 => 1,
  263 => 1,
)  
[2024-01-09 15:04:27] local.INFO: array (
  1 => 11079,
  2 => 11177,
  3 => 11004,
  4 => 11266,
  5 => 10864,
  6 => 11140,
  7 => 11302,
  8 => 11034,
  9 => 11176,
  10 => 10897,
  11 => 11043,
  12 => 11051,
  13 => 11109,
  14 => 11143,
  15 => 11193,
  16 => 11052,
  17 => 11198,
  18 => 10972,
  19 => 11204,
  20 => 11137,
  21 => 11064,
  22 => 11073,
  23 => 10991,
  24 => 11038,
  25 => 11251,
  26 => 1,
  27 => 1,
  28 => 1,
  29 => 1,
  30 => 1,
  31 => 1,
  33 => 1,
  34 => 1,
  36 => 1,
  37 => 1,
  38 => 1,
  40 => 1,
  41 => 1,
  42 => 2,
  43 => 1,
  44 => 1,
  46 => 1,
  49 => 1,
  52 => 1,
  53 => 1,
  54 => 1,
  56 => 1,
  57 => 1,
  58 => 1,
  59 => 1,
  60 => 2,
  62 => 1,
  63 => 1,
  64 => 1,
  65 => 1,
  66 => 5,
  70 => 1,
  71 => 1,
  73 => 1,
  75 => 1,
  76 => 1,
  77 => 1,
  78 => 1,
  80 => 1,
  81 => 1,
  82 => 1,
  83 => 1,
  84 => 1,
  85 => 1,
  86 => 1,
  87 => 1,
  88 => 2,
  89 => 1,
  90 => 1,
  91 => 2,
  92 => 1,
  93 => 1,
  94 => 1,
  95 => 1,
  96 => 1,
  97 => 1,
  98 => 1,
  99 => 1,
  100 => 1,
  102 => 1,
  103 => 1,
  105 => 1,
  106 => 2,
  107 => 1,
  108 => 1,
  109 => 1,
  112 => 1,
  116 => 1,
  119 => 1,
  122 => 1,
  125 => 1,
  126 => 1,
  127 => 1,
  128 => 1,
  129 => 2,
  131 => 1,
  132 => 1,
  133 => 1,
  134 => 1,
  135 => 1,
  136 => 1,
  137 => 1,
  138 => 1,
  139 => 1,
  140 => 1,
  142 => 1,
  143 => 1,
  144 => 1,
  146 => 1,
  150 => 1,
  151 => 1,
  153 => 1,
  154 => 1,
  155 => 1,
  156 => 1,
  157 => 1,
  158 => 1,
  160 => 1,
  161 => 1,
  162 => 1,
  163 => 1,
  164 => 1,
  165 => 1,
  166 => 1,
  167 => 1,
  168 => 1,
  170 => 1,
  171 => 1,
  173 => 1,
  174 => 1,
  175 => 1,
  176 => 1,
  178 => 1,
  179 => 1,
  180 => 1,
  181 => 1,
  182 => 1,
  183 => 1,
  184 => 1,
  186 => 1,
  187 => 1,
  188 => 2,
  189 => 1,
  190 => 1,
  191 => 1,
  192 => 1,
  193 => 1,
  195 => 1,
  196 => 1,
  197 => 1,
  199 => 1,
  200 => 1,
  203 => 1,
  204 => 1,
  205 => 1,
  206 => 1,
  207 => 1,
  210 => 1,
  211 => 1,
  212 => 1,
  213 => 1,
  216 => 1,
  217 => 1,
  218 => 1,
  221 => 1,
  222 => 1,
  223 => 1,
  224 => 1,
  225 => 1,
  227 => 1,
  228 => 1,
  231 => 1,
  232 => 1,
  234 => 1,
  235 => 1,
  236 => 1,
  239 => 1,
  240 => 1,
  241 => 1,
  243 => 1,
  244 => 1,
  245 => 1,
  246 => 1,
  247 => 1,
  249 => 1,
  250 => 1,
  251 => 1,
  253 => 1,
  254 => 1,
  255 => 1,
  256 => 1,
  257 => 1,
  258 => 1,
  259 => 1,
  260 => 1,
  263 => 1,
)  
[2024-01-09 15:04:27] local.INFO: array (
  1 => 11079,
  2 => 11177,
  3 => 11004,
  4 => 11266,
  5 => 10864,
  6 => 11140,
  7 => 11302,
  8 => 11034,
  9 => 11176,
  10 => 10897,
  11 => 11043,
  12 => 11051,
  13 => 11109,
  14 => 11143,
  15 => 11193,
  16 => 11052,
  17 => 11198,
  18 => 10972,
  19 => 11204,
  20 => 11137,
  21 => 11064,
  22 => 11073,
  23 => 10991,
  24 => 11038,
  25 => 11251,
  26 => 1,
  27 => 1,
  28 => 1,
  29 => 1,
  30 => 1,
  31 => 1,
  33 => 1,
  34 => 1,
  36 => 1,
  37 => 1,
  38 => 1,
  40 => 1,
  41 => 1,
  42 => 2,
  43 => 1,
  44 => 1,
  46 => 1,
  49 => 1,
  52 => 1,
  53 => 1,
  54 => 1,
  56 => 1,
  57 => 1,
  58 => 1,
  59 => 1,
  60 => 2,
  62 => 1,
  63 => 1,
  64 => 1,
  65 => 1,
  66 => 5,
  70 => 1,
  71 => 1,
  73 => 1,
  75 => 1,
  76 => 1,
  77 => 1,
  78 => 1,
  80 => 1,
  81 => 1,
  82 => 1,
  83 => 1,
  84 => 1,
  85 => 1,
  86 => 1,
  87 => 1,
  88 => 2,
  89 => 1,
  90 => 1,
  91 => 2,
  92 => 1,
  93 => 1,
  94 => 1,
  95 => 1,
  96 => 1,
  97 => 1,
  98 => 1,
  99 => 1,
  100 => 1,
  102 => 1,
  103 => 1,
  105 => 1,
  106 => 2,
  107 => 1,
  108 => 1,
  109 => 1,
  112 => 1,
  116 => 1,
  119 => 1,
  122 => 1,
  125 => 1,
  126 => 1,
  127 => 1,
  128 => 1,
  129 => 2,
  131 => 1,
  132 => 1,
  133 => 1,
  134 => 1,
  135 => 1,
  136 => 1,
  137 => 1,
  138 => 1,
  139 => 1,
  140 => 1,
  142 => 1,
  143 => 1,
  144 => 1,
  146 => 1,
  150 => 1,
  151 => 1,
  153 => 1,
  154 => 1,
  155 => 1,
  156 => 1,
  157 => 1,
  158 => 1,
  160 => 1,
  161 => 1,
  162 => 1,
  163 => 1,
  164 => 1,
  165 => 1,
  166 => 1,
  167 => 1,
  168 => 1,
  170 => 1,
  171 => 1,
  173 => 1,
  174 => 1,
  175 => 1,
  176 => 1,
  178 => 1,
  179 => 1,
  180 => 1,
  181 => 1,
  182 => 1,
  183 => 1,
  184 => 1,
  186 => 1,
  187 => 1,
  188 => 2,
  189 => 1,
  190 => 1,
  191 => 1,
  192 => 1,
  193 => 1,
  195 => 1,
  196 => 1,
  197 => 1,
  199 => 1,
  200 => 1,
  203 => 1,
  204 => 1,
  205 => 1,
  206 => 1,
  207 => 1,
  210 => 1,
  211 => 1,
  212 => 1,
  213 => 1,
  216 => 1,
  217 => 1,
  218 => 1,
  221 => 1,
  222 => 1,
  223 => 1,
  224 => 1,
  225 => 1,
  227 => 1,
  228 => 1,
  231 => 1,
  232 => 1,
  234 => 1,
  235 => 1,
  236 => 1,
  239 => 1,
  240 => 1,
  241 => 1,
  243 => 1,
  244 => 1,
  245 => 1,
  246 => 1,
  247 => 1,
  249 => 1,
  250 => 1,
  251 => 1,
  253 => 1,
  254 => 1,
  255 => 1,
  256 => 1,
  257 => 1,
  258 => 1,
  259 => 1,
  260 => 1,
  263 => 1,
)  
[2024-01-09 15:04:27] local.INFO: array (
  11079 => 1,
  11177 => 2,
  11004 => 3,
  11266 => 4,
  10864 => 5,
  11140 => 6,
  11302 => 7,
  11034 => 8,
  11176 => 9,
  10897 => 10,
  11043 => 11,
  11051 => 12,
  11109 => 13,
  11143 => 14,
  11193 => 15,
  11052 => 16,
  11198 => 17,
  10972 => 18,
  11204 => 19,
  11137 => 20,
  11064 => 21,
  11073 => 22,
  10991 => 23,
  11038 => 24,
  11251 => 25,
  1 => 263,
  2 => 188,
  5 => 66,
)  
[2024-01-09 15:04:56] local.INFO: array (
  11079 => 1,
  11177 => 2,
  11004 => 3,
  11266 => 4,
  10864 => 5,
  11140 => 6,
  11302 => 7,
  11034 => 8,
  11176 => 9,
  10897 => 10,
  11043 => 11,
  11051 => 12,
  11109 => 13,
  11143 => 14,
  11193 => 15,
  11052 => 16,
  11198 => 17,
  10972 => 18,
  11204 => 19,
  11137 => 20,
  11064 => 21,
  11073 => 22,
  10991 => 23,
  11038 => 24,
  11251 => 25,
  1 => 263,
  2 => 188,
  5 => 66,
)  
[2024-01-09 15:04:56] local.INFO: array (
  1 => 11079,
  2 => 11177,
  3 => 11004,
  4 => 11266,
  5 => 10864,
  6 => 11140,
  7 => 11302,
  8 => 11034,
  9 => 11176,
  10 => 10897,
  11 => 11043,
  12 => 11051,
  13 => 11109,
  14 => 11143,
  15 => 11193,
  16 => 11052,
  17 => 11198,
  18 => 10972,
  19 => 11204,
  20 => 11137,
  21 => 11064,
  22 => 11073,
  23 => 10991,
  24 => 11038,
  25 => 11251,
  26 => 1,
  27 => 1,
  28 => 1,
  29 => 1,
  30 => 1,
  31 => 1,
  33 => 1,
  34 => 1,
  36 => 1,
  37 => 1,
  38 => 1,
  40 => 1,
  41 => 1,
  42 => 2,
  43 => 1,
  44 => 1,
  46 => 1,
  49 => 1,
  52 => 1,
  53 => 1,
  54 => 1,
  56 => 1,
  57 => 1,
  58 => 1,
  59 => 1,
  60 => 2,
  62 => 1,
  63 => 1,
  64 => 1,
  65 => 1,
  66 => 5,
  70 => 1,
  71 => 1,
  73 => 1,
  75 => 1,
  76 => 1,
  77 => 1,
  78 => 1,
  80 => 1,
  81 => 1,
  82 => 1,
  83 => 1,
  84 => 1,
  85 => 1,
  86 => 1,
  87 => 1,
  88 => 2,
  89 => 1,
  90 => 1,
  91 => 2,
  92 => 1,
  93 => 1,
  94 => 1,
  95 => 1,
  96 => 1,
  97 => 1,
  98 => 1,
  99 => 1,
  100 => 1,
  102 => 1,
  103 => 1,
  105 => 1,
  106 => 2,
  107 => 1,
  108 => 1,
  109 => 1,
  112 => 1,
  116 => 1,
  119 => 1,
  122 => 1,
  125 => 1,
  126 => 1,
  127 => 1,
  128 => 1,
  129 => 2,
  131 => 1,
  132 => 1,
  133 => 1,
  134 => 1,
  135 => 1,
  136 => 1,
  137 => 1,
  138 => 1,
  139 => 1,
  140 => 1,
  142 => 1,
  143 => 1,
  144 => 1,
  146 => 1,
  150 => 1,
  151 => 1,
  153 => 1,
  154 => 1,
  155 => 1,
  156 => 1,
  157 => 1,
  158 => 1,
  160 => 1,
  161 => 1,
  162 => 1,
  163 => 1,
  164 => 1,
  165 => 1,
  166 => 1,
  167 => 1,
  168 => 1,
  170 => 1,
  171 => 1,
  173 => 1,
  174 => 1,
  175 => 1,
  176 => 1,
  178 => 1,
  179 => 1,
  180 => 1,
  181 => 1,
  182 => 1,
  183 => 1,
  184 => 1,
  186 => 1,
  187 => 1,
  188 => 2,
  189 => 1,
  190 => 1,
  191 => 1,
  192 => 1,
  193 => 1,
  195 => 1,
  196 => 1,
  197 => 1,
  199 => 1,
  200 => 1,
  203 => 1,
  204 => 1,
  205 => 1,
  206 => 1,
  207 => 1,
  210 => 1,
  211 => 1,
  212 => 1,
  213 => 1,
  216 => 1,
  217 => 1,
  218 => 1,
  221 => 1,
  222 => 1,
  223 => 1,
  224 => 1,
  225 => 1,
  227 => 1,
  228 => 1,
  231 => 1,
  232 => 1,
  234 => 1,
  235 => 1,
  236 => 1,
  239 => 1,
  240 => 1,
  241 => 1,
  243 => 1,
  244 => 1,
  245 => 1,
  246 => 1,
  247 => 1,
  249 => 1,
  250 => 1,
  251 => 1,
  253 => 1,
  254 => 1,
  255 => 1,
  256 => 1,
  257 => 1,
  258 => 1,
  259 => 1,
  260 => 1,
  263 => 1,
)  
[2024-01-09 15:04:56] local.INFO: array (
  1 => 11079,
  2 => 11177,
  3 => 11004,
  4 => 11266,
  5 => 10864,
  6 => 11140,
  7 => 11302,
  8 => 11034,
  9 => 11176,
  10 => 10897,
  11 => 11043,
  12 => 11051,
  13 => 11109,
  14 => 11143,
  15 => 11193,
  16 => 11052,
  17 => 11198,
  18 => 10972,
  19 => 11204,
  20 => 11137,
  21 => 11064,
  22 => 11073,
  23 => 10991,
  24 => 11038,
  25 => 11251,
  26 => 1,
  27 => 1,
  28 => 1,
  29 => 1,
  30 => 1,
  31 => 1,
  33 => 1,
  34 => 1,
  36 => 1,
  37 => 1,
  38 => 1,
  40 => 1,
  41 => 1,
  42 => 2,
  43 => 1,
  44 => 1,
  46 => 1,
  49 => 1,
  52 => 1,
  53 => 1,
  54 => 1,
  56 => 1,
  57 => 1,
  58 => 1,
  59 => 1,
  60 => 2,
  62 => 1,
  63 => 1,
  64 => 1,
  65 => 1,
  66 => 5,
  70 => 1,
  71 => 1,
  73 => 1,
  75 => 1,
  76 => 1,
  77 => 1,
  78 => 1,
  80 => 1,
  81 => 1,
  82 => 1,
  83 => 1,
  84 => 1,
  85 => 1,
  86 => 1,
  87 => 1,
  88 => 2,
  89 => 1,
  90 => 1,
  91 => 2,
  92 => 1,
  93 => 1,
  94 => 1,
  95 => 1,
  96 => 1,
  97 => 1,
  98 => 1,
  99 => 1,
  100 => 1,
  102 => 1,
  103 => 1,
  105 => 1,
  106 => 2,
  107 => 1,
  108 => 1,
  109 => 1,
  112 => 1,
  116 => 1,
  119 => 1,
  122 => 1,
  125 => 1,
  126 => 1,
  127 => 1,
  128 => 1,
  129 => 2,
  131 => 1,
  132 => 1,
  133 => 1,
  134 => 1,
  135 => 1,
  136 => 1,
  137 => 1,
  138 => 1,
  139 => 1,
  140 => 1,
  142 => 1,
  143 => 1,
  144 => 1,
  146 => 1,
  150 => 1,
  151 => 1,
  153 => 1,
  154 => 1,
  155 => 1,
  156 => 1,
  157 => 1,
  158 => 1,
  160 => 1,
  161 => 1,
  162 => 1,
  163 => 1,
  164 => 1,
  165 => 1,
  166 => 1,
  167 => 1,
  168 => 1,
  170 => 1,
  171 => 1,
  173 => 1,
  174 => 1,
  175 => 1,
  176 => 1,
  178 => 1,
  179 => 1,
  180 => 1,
  181 => 1,
  182 => 1,
  183 => 1,
  184 => 1,
  186 => 1,
  187 => 1,
  188 => 2,
  189 => 1,
  190 => 1,
  191 => 1,
  192 => 1,
  193 => 1,
  195 => 1,
  196 => 1,
  197 => 1,
  199 => 1,
  200 => 1,
  203 => 1,
  204 => 1,
  205 => 1,
  206 => 1,
  207 => 1,
  210 => 1,
  211 => 1,
  212 => 1,
  213 => 1,
  216 => 1,
  217 => 1,
  218 => 1,
  221 => 1,
  222 => 1,
  223 => 1,
  224 => 1,
  225 => 1,
  227 => 1,
  228 => 1,
  231 => 1,
  232 => 1,
  234 => 1,
  235 => 1,
  236 => 1,
  239 => 1,
  240 => 1,
  241 => 1,
  243 => 1,
  244 => 1,
  245 => 1,
  246 => 1,
  247 => 1,
  249 => 1,
  250 => 1,
  251 => 1,
  253 => 1,
  254 => 1,
  255 => 1,
  256 => 1,
  257 => 1,
  258 => 1,
  259 => 1,
  260 => 1,
  263 => 1,
)  
[2024-01-09 15:05:14] local.INFO: array (
  1 => 11079,
  2 => 11177,
  3 => 11004,
  4 => 11266,
  5 => 10864,
  6 => 11140,
  7 => 11302,
  8 => 11034,
  9 => 11176,
  10 => 10897,
  11 => 11043,
  12 => 11051,
  13 => 11109,
  14 => 11143,
  15 => 11193,
  16 => 11052,
  17 => 11198,
  18 => 10972,
  19 => 11204,
  20 => 11137,
  21 => 11064,
  22 => 11073,
  23 => 10991,
  24 => 11038,
  25 => 11251,
  26 => 1,
  27 => 1,
  28 => 1,
  29 => 1,
  30 => 1,
  31 => 1,
  33 => 1,
  34 => 1,
  36 => 1,
  37 => 1,
  38 => 1,
  40 => 1,
  41 => 1,
  42 => 2,
  43 => 1,
  44 => 1,
  46 => 1,
  49 => 1,
  52 => 1,
  53 => 1,
  54 => 1,
  56 => 1,
  57 => 1,
  58 => 1,
  59 => 1,
  60 => 2,
  62 => 1,
  63 => 1,
  64 => 1,
  65 => 1,
  66 => 5,
  70 => 1,
  71 => 1,
  73 => 1,
  75 => 1,
  76 => 1,
  77 => 1,
  78 => 1,
  80 => 1,
  81 => 1,
  82 => 1,
  83 => 1,
  84 => 1,
  85 => 1,
  86 => 1,
  87 => 1,
  88 => 2,
  89 => 1,
  90 => 1,
  91 => 2,
  92 => 1,
  93 => 1,
  94 => 1,
  95 => 1,
  96 => 1,
  97 => 1,
  98 => 1,
  99 => 1,
  100 => 1,
  102 => 1,
  103 => 1,
  105 => 1,
  106 => 2,
  107 => 1,
  108 => 1,
  109 => 1,
  112 => 1,
  116 => 1,
  119 => 1,
  122 => 1,
  125 => 1,
  126 => 1,
  127 => 1,
  128 => 1,
  129 => 2,
  131 => 1,
  132 => 1,
  133 => 1,
  134 => 1,
  135 => 1,
  136 => 1,
  137 => 1,
  138 => 1,
  139 => 1,
  140 => 1,
  142 => 1,
  143 => 1,
  144 => 1,
  146 => 1,
  150 => 1,
  151 => 1,
  153 => 1,
  154 => 1,
  155 => 1,
  156 => 1,
  157 => 1,
  158 => 1,
  160 => 1,
  161 => 1,
  162 => 1,
  163 => 1,
  164 => 1,
  165 => 1,
  166 => 1,
  167 => 1,
  168 => 1,
  170 => 1,
  171 => 1,
  173 => 1,
  174 => 1,
  175 => 1,
  176 => 1,
  178 => 1,
  179 => 1,
  180 => 1,
  181 => 1,
  182 => 1,
  183 => 1,
  184 => 1,
  186 => 1,
  187 => 1,
  188 => 2,
  189 => 1,
  190 => 1,
  191 => 1,
  192 => 1,
  193 => 1,
  195 => 1,
  196 => 1,
  197 => 1,
  199 => 1,
  200 => 1,
  203 => 1,
  204 => 1,
  205 => 1,
  206 => 1,
  207 => 1,
  210 => 1,
  211 => 1,
  212 => 1,
  213 => 1,
  216 => 1,
  217 => 1,
  218 => 1,
  221 => 1,
  222 => 1,
  223 => 1,
  224 => 1,
  225 => 1,
  227 => 1,
  228 => 1,
  231 => 1,
  232 => 1,
  234 => 1,
  235 => 1,
  236 => 1,
  239 => 1,
  240 => 1,
  241 => 1,
  243 => 1,
  244 => 1,
  245 => 1,
  246 => 1,
  247 => 1,
  249 => 1,
  250 => 1,
  251 => 1,
  253 => 1,
  254 => 1,
  255 => 1,
  256 => 1,
  257 => 1,
  258 => 1,
  259 => 1,
  260 => 1,
  263 => 1,
)  
[2024-01-09 15:05:14] local.INFO: array (
  1 => 11079,
  2 => 11177,
  3 => 11004,
  4 => 11266,
  5 => 10864,
  6 => 11140,
  7 => 11302,
  8 => 11034,
  9 => 11176,
  10 => 10897,
  11 => 11043,
  12 => 11051,
  13 => 11109,
  14 => 11143,
  15 => 11193,
  16 => 11052,
  17 => 11198,
  18 => 10972,
  19 => 11204,
  20 => 11137,
  21 => 11064,
  22 => 11073,
  23 => 10991,
  24 => 11038,
  25 => 11251,
  26 => 1,
  27 => 1,
  28 => 1,
  29 => 1,
  30 => 1,
  31 => 1,
  33 => 1,
  34 => 1,
  36 => 1,
  37 => 1,
  38 => 1,
  40 => 1,
  41 => 1,
  42 => 2,
  43 => 1,
  44 => 1,
  46 => 1,
  49 => 1,
  52 => 1,
  53 => 1,
  54 => 1,
  56 => 1,
  57 => 1,
  58 => 1,
  59 => 1,
  60 => 2,
  62 => 1,
  63 => 1,
  64 => 1,
  65 => 1,
  66 => 5,
  70 => 1,
  71 => 1,
  73 => 1,
  75 => 1,
  76 => 1,
  77 => 1,
  78 => 1,
  80 => 1,
  81 => 1,
  82 => 1,
  83 => 1,
  84 => 1,
  85 => 1,
  86 => 1,
  87 => 1,
  88 => 2,
  89 => 1,
  90 => 1,
  91 => 2,
  92 => 1,
  93 => 1,
  94 => 1,
  95 => 1,
  96 => 1,
  97 => 1,
  98 => 1,
  99 => 1,
  100 => 1,
  102 => 1,
  103 => 1,
  105 => 1,
  106 => 2,
  107 => 1,
  108 => 1,
  109 => 1,
  112 => 1,
  116 => 1,
  119 => 1,
  122 => 1,
  125 => 1,
  126 => 1,
  127 => 1,
  128 => 1,
  129 => 2,
  131 => 1,
  132 => 1,
  133 => 1,
  134 => 1,
  135 => 1,
  136 => 1,
  137 => 1,
  138 => 1,
  139 => 1,
  140 => 1,
  142 => 1,
  143 => 1,
  144 => 1,
  146 => 1,
  150 => 1,
  151 => 1,
  153 => 1,
  154 => 1,
  155 => 1,
  156 => 1,
  157 => 1,
  158 => 1,
  160 => 1,
  161 => 1,
  162 => 1,
  163 => 1,
  164 => 1,
  165 => 1,
  166 => 1,
  167 => 1,
  168 => 1,
  170 => 1,
  171 => 1,
  173 => 1,
  174 => 1,
  175 => 1,
  176 => 1,
  178 => 1,
  179 => 1,
  180 => 1,
  181 => 1,
  182 => 1,
  183 => 1,
  184 => 1,
  186 => 1,
  187 => 1,
  188 => 2,
  189 => 1,
  190 => 1,
  191 => 1,
  192 => 1,
  193 => 1,
  195 => 1,
  196 => 1,
  197 => 1,
  199 => 1,
  200 => 1,
  203 => 1,
  204 => 1,
  205 => 1,
  206 => 1,
  207 => 1,
  210 => 1,
  211 => 1,
  212 => 1,
  213 => 1,
  216 => 1,
  217 => 1,
  218 => 1,
  221 => 1,
  222 => 1,
  223 => 1,
  224 => 1,
  225 => 1,
  227 => 1,
  228 => 1,
  231 => 1,
  232 => 1,
  234 => 1,
  235 => 1,
  236 => 1,
  239 => 1,
  240 => 1,
  241 => 1,
  243 => 1,
  244 => 1,
  245 => 1,
  246 => 1,
  247 => 1,
  249 => 1,
  250 => 1,
  251 => 1,
  253 => 1,
  254 => 1,
  255 => 1,
  256 => 1,
  257 => 1,
  258 => 1,
  259 => 1,
  260 => 1,
  263 => 1,
)  
[2024-01-09 15:05:14] local.INFO: array (
  11079 => 1,
  11177 => 2,
  11004 => 3,
  11266 => 4,
  10864 => 5,
  11140 => 6,
  11302 => 7,
  11034 => 8,
  11176 => 9,
  10897 => 10,
  11043 => 11,
  11051 => 12,
  11109 => 13,
  11143 => 14,
  11193 => 15,
  11052 => 16,
  11198 => 17,
  10972 => 18,
  11204 => 19,
  11137 => 20,
  11064 => 21,
  11073 => 22,
  10991 => 23,
  11038 => 24,
  11251 => 25,
  1 => 263,
  2 => 188,
  5 => 66,
)  
[2024-01-09 15:05:40] local.INFO: array (
  1 => 11079,
  2 => 11177,
  3 => 11004,
  4 => 11266,
  5 => 10864,
  6 => 11140,
  7 => 11302,
  8 => 11034,
  9 => 11176,
  10 => 10897,
  11 => 11043,
  12 => 11051,
  13 => 11109,
  14 => 11143,
  15 => 11193,
  16 => 11052,
  17 => 11198,
  18 => 10972,
  19 => 11204,
  20 => 11137,
  21 => 11064,
  22 => 11073,
  23 => 10991,
  24 => 11038,
  25 => 11251,
  26 => 1,
  27 => 1,
  28 => 1,
  29 => 1,
  30 => 1,
  31 => 1,
  33 => 1,
  34 => 1,
  36 => 1,
  37 => 1,
  38 => 1,
  40 => 1,
  41 => 1,
  42 => 2,
  43 => 1,
  44 => 1,
  46 => 1,
  49 => 1,
  52 => 1,
  53 => 1,
  54 => 1,
  56 => 1,
  57 => 1,
  58 => 1,
  59 => 1,
  60 => 2,
  62 => 1,
  63 => 1,
  64 => 1,
  65 => 1,
  66 => 5,
  70 => 1,
  71 => 1,
  73 => 1,
  75 => 1,
  76 => 1,
  77 => 1,
  78 => 1,
  80 => 1,
  81 => 1,
  82 => 1,
  83 => 1,
  84 => 1,
  85 => 1,
  86 => 1,
  87 => 1,
  88 => 2,
  89 => 1,
  90 => 1,
  91 => 2,
  92 => 1,
  93 => 1,
  94 => 1,
  95 => 1,
  96 => 1,
  97 => 1,
  98 => 1,
  99 => 1,
  100 => 1,
  102 => 1,
  103 => 1,
  105 => 1,
  106 => 2,
  107 => 1,
  108 => 1,
  109 => 1,
  112 => 1,
  116 => 1,
  119 => 1,
  122 => 1,
  125 => 1,
  126 => 1,
  127 => 1,
  128 => 1,
  129 => 2,
  131 => 1,
  132 => 1,
  133 => 1,
  134 => 1,
  135 => 1,
  136 => 1,
  137 => 1,
  138 => 1,
  139 => 1,
  140 => 1,
  142 => 1,
  143 => 1,
  144 => 1,
  146 => 1,
  150 => 1,
  151 => 1,
  153 => 1,
  154 => 1,
  155 => 1,
  156 => 1,
  157 => 1,
  158 => 1,
  160 => 1,
  161 => 1,
  162 => 1,
  163 => 1,
  164 => 1,
  165 => 1,
  166 => 1,
  167 => 1,
  168 => 1,
  170 => 1,
  171 => 1,
  173 => 1,
  174 => 1,
  175 => 1,
  176 => 1,
  178 => 1,
  179 => 1,
  180 => 1,
  181 => 1,
  182 => 1,
  183 => 1,
  184 => 1,
  186 => 1,
  187 => 1,
  188 => 2,
  189 => 1,
  190 => 1,
  191 => 1,
  192 => 1,
  193 => 1,
  195 => 1,
  196 => 1,
  197 => 1,
  199 => 1,
  200 => 1,
  203 => 1,
  204 => 1,
  205 => 1,
  206 => 1,
  207 => 1,
  210 => 1,
  211 => 1,
  212 => 1,
  213 => 1,
  216 => 1,
  217 => 1,
  218 => 1,
  221 => 1,
  222 => 1,
  223 => 1,
  224 => 1,
  225 => 1,
  227 => 1,
  228 => 1,
  231 => 1,
  232 => 1,
  234 => 1,
  235 => 1,
  236 => 1,
  239 => 1,
  240 => 1,
  241 => 1,
  243 => 1,
  244 => 1,
  245 => 1,
  246 => 1,
  247 => 1,
  249 => 1,
  250 => 1,
  251 => 1,
  253 => 1,
  254 => 1,
  255 => 1,
  256 => 1,
  257 => 1,
  258 => 1,
  259 => 1,
  260 => 1,
  263 => 1,
)  
[2024-01-09 15:05:40] local.INFO: array (
  1 => 11079,
  2 => 11177,
  3 => 11004,
  4 => 11266,
  5 => 10864,
  6 => 11140,
  7 => 11302,
  8 => 11034,
  9 => 11176,
  10 => 10897,
  11 => 11043,
  12 => 11051,
  13 => 11109,
  14 => 11143,
  15 => 11193,
  16 => 11052,
  17 => 11198,
  18 => 10972,
  19 => 11204,
  20 => 11137,
  21 => 11064,
  22 => 11073,
  23 => 10991,
  24 => 11038,
  25 => 11251,
  26 => 1,
  27 => 1,
  28 => 1,
  29 => 1,
  30 => 1,
  31 => 1,
  33 => 1,
  34 => 1,
  36 => 1,
  37 => 1,
  38 => 1,
  40 => 1,
  41 => 1,
  42 => 2,
  43 => 1,
  44 => 1,
  46 => 1,
  49 => 1,
  52 => 1,
  53 => 1,
  54 => 1,
  56 => 1,
  57 => 1,
  58 => 1,
  59 => 1,
  60 => 2,
  62 => 1,
  63 => 1,
  64 => 1,
  65 => 1,
  66 => 5,
  70 => 1,
  71 => 1,
  73 => 1,
  75 => 1,
  76 => 1,
  77 => 1,
  78 => 1,
  80 => 1,
  81 => 1,
  82 => 1,
  83 => 1,
  84 => 1,
  85 => 1,
  86 => 1,
  87 => 1,
  88 => 2,
  89 => 1,
  90 => 1,
  91 => 2,
  92 => 1,
  93 => 1,
  94 => 1,
  95 => 1,
  96 => 1,
  97 => 1,
  98 => 1,
  99 => 1,
  100 => 1,
  102 => 1,
  103 => 1,
  105 => 1,
  106 => 2,
  107 => 1,
  108 => 1,
  109 => 1,
  112 => 1,
  116 => 1,
  119 => 1,
  122 => 1,
  125 => 1,
  126 => 1,
  127 => 1,
  128 => 1,
  129 => 2,
  131 => 1,
  132 => 1,
  133 => 1,
  134 => 1,
  135 => 1,
  136 => 1,
  137 => 1,
  138 => 1,
  139 => 1,
  140 => 1,
  142 => 1,
  143 => 1,
  144 => 1,
  146 => 1,
  150 => 1,
  151 => 1,
  153 => 1,
  154 => 1,
  155 => 1,
  156 => 1,
  157 => 1,
  158 => 1,
  160 => 1,
  161 => 1,
  162 => 1,
  163 => 1,
  164 => 1,
  165 => 1,
  166 => 1,
  167 => 1,
  168 => 1,
  170 => 1,
  171 => 1,
  173 => 1,
  174 => 1,
  175 => 1,
  176 => 1,
  178 => 1,
  179 => 1,
  180 => 1,
  181 => 1,
  182 => 1,
  183 => 1,
  184 => 1,
  186 => 1,
  187 => 1,
  188 => 2,
  189 => 1,
  190 => 1,
  191 => 1,
  192 => 1,
  193 => 1,
  195 => 1,
  196 => 1,
  197 => 1,
  199 => 1,
  200 => 1,
  203 => 1,
  204 => 1,
  205 => 1,
  206 => 1,
  207 => 1,
  210 => 1,
  211 => 1,
  212 => 1,
  213 => 1,
  216 => 1,
  217 => 1,
  218 => 1,
  221 => 1,
  222 => 1,
  223 => 1,
  224 => 1,
  225 => 1,
  227 => 1,
  228 => 1,
  231 => 1,
  232 => 1,
  234 => 1,
  235 => 1,
  236 => 1,
  239 => 1,
  240 => 1,
  241 => 1,
  243 => 1,
  244 => 1,
  245 => 1,
  246 => 1,
  247 => 1,
  249 => 1,
  250 => 1,
  251 => 1,
  253 => 1,
  254 => 1,
  255 => 1,
  256 => 1,
  257 => 1,
  258 => 1,
  259 => 1,
  260 => 1,
  263 => 1,
)  
[2024-01-09 15:05:40] local.INFO: array (
  11079 => 1,
  11177 => 2,
  11004 => 3,
  11266 => 4,
  10864 => 5,
  11140 => 6,
  11302 => 7,
  11034 => 8,
  11176 => 9,
  10897 => 10,
  11043 => 11,
  11051 => 12,
  11109 => 13,
  11143 => 14,
  11193 => 15,
  11052 => 16,
  11198 => 17,
  10972 => 18,
  11204 => 19,
  11137 => 20,
  11064 => 21,
  11073 => 22,
  10991 => 23,
  11038 => 24,
  11251 => 25,
  1 => 263,
  2 => 188,
  5 => 66,
)  
[2024-01-09 15:06:04] local.INFO: array (
  11079 => 1,
  11177 => 2,
  11004 => 3,
  11266 => 4,
  10864 => 5,
  11140 => 6,
  11302 => 7,
  11034 => 8,
  11176 => 9,
  10897 => 10,
  11043 => 11,
  11051 => 12,
  11109 => 13,
  11143 => 14,
  11193 => 15,
  11052 => 16,
  11198 => 17,
  10972 => 18,
  11204 => 19,
  11137 => 20,
  11064 => 21,
  11073 => 22,
  10991 => 23,
  11038 => 24,
  11251 => 25,
  1 => 263,
  2 => 188,
  5 => 66,
)  
[2024-01-09 15:06:04] local.INFO: array (
  1 => 11079,
  2 => 11177,
  3 => 11004,
  4 => 11266,
  5 => 10864,
  6 => 11140,
  7 => 11302,
  8 => 11034,
  9 => 11176,
  10 => 10897,
  11 => 11043,
  12 => 11051,
  13 => 11109,
  14 => 11143,
  15 => 11193,
  16 => 11052,
  17 => 11198,
  18 => 10972,
  19 => 11204,
  20 => 11137,
  21 => 11064,
  22 => 11073,
  23 => 10991,
  24 => 11038,
  25 => 11251,
  26 => 1,
  27 => 1,
  28 => 1,
  29 => 1,
  30 => 1,
  31 => 1,
  33 => 1,
  34 => 1,
  36 => 1,
  37 => 1,
  38 => 1,
  40 => 1,
  41 => 1,
  42 => 2,
  43 => 1,
  44 => 1,
  46 => 1,
  49 => 1,
  52 => 1,
  53 => 1,
  54 => 1,
  56 => 1,
  57 => 1,
  58 => 1,
  59 => 1,
  60 => 2,
  62 => 1,
  63 => 1,
  64 => 1,
  65 => 1,
  66 => 5,
  70 => 1,
  71 => 1,
  73 => 1,
  75 => 1,
  76 => 1,
  77 => 1,
  78 => 1,
  80 => 1,
  81 => 1,
  82 => 1,
  83 => 1,
  84 => 1,
  85 => 1,
  86 => 1,
  87 => 1,
  88 => 2,
  89 => 1,
  90 => 1,
  91 => 2,
  92 => 1,
  93 => 1,
  94 => 1,
  95 => 1,
  96 => 1,
  97 => 1,
  98 => 1,
  99 => 1,
  100 => 1,
  102 => 1,
  103 => 1,
  105 => 1,
  106 => 2,
  107 => 1,
  108 => 1,
  109 => 1,
  112 => 1,
  116 => 1,
  119 => 1,
  122 => 1,
  125 => 1,
  126 => 1,
  127 => 1,
  128 => 1,
  129 => 2,
  131 => 1,
  132 => 1,
  133 => 1,
  134 => 1,
  135 => 1,
  136 => 1,
  137 => 1,
  138 => 1,
  139 => 1,
  140 => 1,
  142 => 1,
  143 => 1,
  144 => 1,
  146 => 1,
  150 => 1,
  151 => 1,
  153 => 1,
  154 => 1,
  155 => 1,
  156 => 1,
  157 => 1,
  158 => 1,
  160 => 1,
  161 => 1,
  162 => 1,
  163 => 1,
  164 => 1,
  165 => 1,
  166 => 1,
  167 => 1,
  168 => 1,
  170 => 1,
  171 => 1,
  173 => 1,
  174 => 1,
  175 => 1,
  176 => 1,
  178 => 1,
  179 => 1,
  180 => 1,
  181 => 1,
  182 => 1,
  183 => 1,
  184 => 1,
  186 => 1,
  187 => 1,
  188 => 2,
  189 => 1,
  190 => 1,
  191 => 1,
  192 => 1,
  193 => 1,
  195 => 1,
  196 => 1,
  197 => 1,
  199 => 1,
  200 => 1,
  203 => 1,
  204 => 1,
  205 => 1,
  206 => 1,
  207 => 1,
  210 => 1,
  211 => 1,
  212 => 1,
  213 => 1,
  216 => 1,
  217 => 1,
  218 => 1,
  221 => 1,
  222 => 1,
  223 => 1,
  224 => 1,
  225 => 1,
  227 => 1,
  228 => 1,
  231 => 1,
  232 => 1,
  234 => 1,
  235 => 1,
  236 => 1,
  239 => 1,
  240 => 1,
  241 => 1,
  243 => 1,
  244 => 1,
  245 => 1,
  246 => 1,
  247 => 1,
  249 => 1,
  250 => 1,
  251 => 1,
  253 => 1,
  254 => 1,
  255 => 1,
  256 => 1,
  257 => 1,
  258 => 1,
  259 => 1,
  260 => 1,
  263 => 1,
)  
[2024-01-09 15:06:04] local.INFO: array (
  1 => 11079,
  2 => 11177,
  3 => 11004,
  4 => 11266,
  5 => 10864,
  6 => 11140,
  7 => 11302,
  8 => 11034,
  9 => 11176,
  10 => 10897,
  11 => 11043,
  12 => 11051,
  13 => 11109,
  14 => 11143,
  15 => 11193,
  16 => 11052,
  17 => 11198,
  18 => 10972,
  19 => 11204,
  20 => 11137,
  21 => 11064,
  22 => 11073,
  23 => 10991,
  24 => 11038,
  25 => 11251,
  26 => 1,
  27 => 1,
  28 => 1,
  29 => 1,
  30 => 1,
  31 => 1,
  33 => 1,
  34 => 1,
  36 => 1,
  37 => 1,
  38 => 1,
  40 => 1,
  41 => 1,
  42 => 2,
  43 => 1,
  44 => 1,
  46 => 1,
  49 => 1,
  52 => 1,
  53 => 1,
  54 => 1,
  56 => 1,
  57 => 1,
  58 => 1,
  59 => 1,
  60 => 2,
  62 => 1,
  63 => 1,
  64 => 1,
  65 => 1,
  66 => 5,
  70 => 1,
  71 => 1,
  73 => 1,
  75 => 1,
  76 => 1,
  77 => 1,
  78 => 1,
  80 => 1,
  81 => 1,
  82 => 1,
  83 => 1,
  84 => 1,
  85 => 1,
  86 => 1,
  87 => 1,
  88 => 2,
  89 => 1,
  90 => 1,
  91 => 2,
  92 => 1,
  93 => 1,
  94 => 1,
  95 => 1,
  96 => 1,
  97 => 1,
  98 => 1,
  99 => 1,
  100 => 1,
  102 => 1,
  103 => 1,
  105 => 1,
  106 => 2,
  107 => 1,
  108 => 1,
  109 => 1,
  112 => 1,
  116 => 1,
  119 => 1,
  122 => 1,
  125 => 1,
  126 => 1,
  127 => 1,
  128 => 1,
  129 => 2,
  131 => 1,
  132 => 1,
  133 => 1,
  134 => 1,
  135 => 1,
  136 => 1,
  137 => 1,
  138 => 1,
  139 => 1,
  140 => 1,
  142 => 1,
  143 => 1,
  144 => 1,
  146 => 1,
  150 => 1,
  151 => 1,
  153 => 1,
  154 => 1,
  155 => 1,
  156 => 1,
  157 => 1,
  158 => 1,
  160 => 1,
  161 => 1,
  162 => 1,
  163 => 1,
  164 => 1,
  165 => 1,
  166 => 1,
  167 => 1,
  168 => 1,
  170 => 1,
  171 => 1,
  173 => 1,
  174 => 1,
  175 => 1,
  176 => 1,
  178 => 1,
  179 => 1,
  180 => 1,
  181 => 1,
  182 => 1,
  183 => 1,
  184 => 1,
  186 => 1,
  187 => 1,
  188 => 2,
  189 => 1,
  190 => 1,
  191 => 1,
  192 => 1,
  193 => 1,
  195 => 1,
  196 => 1,
  197 => 1,
  199 => 1,
  200 => 1,
  203 => 1,
  204 => 1,
  205 => 1,
  206 => 1,
  207 => 1,
  210 => 1,
  211 => 1,
  212 => 1,
  213 => 1,
  216 => 1,
  217 => 1,
  218 => 1,
  221 => 1,
  222 => 1,
  223 => 1,
  224 => 1,
  225 => 1,
  227 => 1,
  228 => 1,
  231 => 1,
  232 => 1,
  234 => 1,
  235 => 1,
  236 => 1,
  239 => 1,
  240 => 1,
  241 => 1,
  243 => 1,
  244 => 1,
  245 => 1,
  246 => 1,
  247 => 1,
  249 => 1,
  250 => 1,
  251 => 1,
  253 => 1,
  254 => 1,
  255 => 1,
  256 => 1,
  257 => 1,
  258 => 1,
  259 => 1,
  260 => 1,
  263 => 1,
)  
[2024-01-09 15:06:20] local.INFO: array (
  11079 => 1,
  11177 => 2,
  11004 => 3,
  11266 => 4,
  10864 => 5,
  11140 => 6,
  11302 => 7,
  11034 => 8,
  11176 => 9,
  10897 => 10,
  11043 => 11,
  11051 => 12,
  11109 => 13,
  11143 => 14,
  11193 => 15,
  11052 => 16,
  11198 => 17,
  10972 => 18,
  11204 => 19,
  11137 => 20,
  11064 => 21,
  11073 => 22,
  10991 => 23,
  11038 => 24,
  11251 => 25,
  1 => 263,
  2 => 188,
  5 => 66,
)  
[2024-01-09 15:06:20] local.INFO: array (
  1 => 11079,
  2 => 11177,
  3 => 11004,
  4 => 11266,
  5 => 10864,
  6 => 11140,
  7 => 11302,
  8 => 11034,
  9 => 11176,
  10 => 10897,
  11 => 11043,
  12 => 11051,
  13 => 11109,
  14 => 11143,
  15 => 11193,
  16 => 11052,
  17 => 11198,
  18 => 10972,
  19 => 11204,
  20 => 11137,
  21 => 11064,
  22 => 11073,
  23 => 10991,
  24 => 11038,
  25 => 11251,
  26 => 1,
  27 => 1,
  28 => 1,
  29 => 1,
  30 => 1,
  31 => 1,
  33 => 1,
  34 => 1,
  36 => 1,
  37 => 1,
  38 => 1,
  40 => 1,
  41 => 1,
  42 => 2,
  43 => 1,
  44 => 1,
  46 => 1,
  49 => 1,
  52 => 1,
  53 => 1,
  54 => 1,
  56 => 1,
  57 => 1,
  58 => 1,
  59 => 1,
  60 => 2,
  62 => 1,
  63 => 1,
  64 => 1,
  65 => 1,
  66 => 5,
  70 => 1,
  71 => 1,
  73 => 1,
  75 => 1,
  76 => 1,
  77 => 1,
  78 => 1,
  80 => 1,
  81 => 1,
  82 => 1,
  83 => 1,
  84 => 1,
  85 => 1,
  86 => 1,
  87 => 1,
  88 => 2,
  89 => 1,
  90 => 1,
  91 => 2,
  92 => 1,
  93 => 1,
  94 => 1,
  95 => 1,
  96 => 1,
  97 => 1,
  98 => 1,
  99 => 1,
  100 => 1,
  102 => 1,
  103 => 1,
  105 => 1,
  106 => 2,
  107 => 1,
  108 => 1,
  109 => 1,
  112 => 1,
  116 => 1,
  119 => 1,
  122 => 1,
  125 => 1,
  126 => 1,
  127 => 1,
  128 => 1,
  129 => 2,
  131 => 1,
  132 => 1,
  133 => 1,
  134 => 1,
  135 => 1,
  136 => 1,
  137 => 1,
  138 => 1,
  139 => 1,
  140 => 1,
  142 => 1,
  143 => 1,
  144 => 1,
  146 => 1,
  150 => 1,
  151 => 1,
  153 => 1,
  154 => 1,
  155 => 1,
  156 => 1,
  157 => 1,
  158 => 1,
  160 => 1,
  161 => 1,
  162 => 1,
  163 => 1,
  164 => 1,
  165 => 1,
  166 => 1,
  167 => 1,
  168 => 1,
  170 => 1,
  171 => 1,
  173 => 1,
  174 => 1,
  175 => 1,
  176 => 1,
  178 => 1,
  179 => 1,
  180 => 1,
  181 => 1,
  182 => 1,
  183 => 1,
  184 => 1,
  186 => 1,
  187 => 1,
  188 => 2,
  189 => 1,
  190 => 1,
  191 => 1,
  192 => 1,
  193 => 1,
  195 => 1,
  196 => 1,
  197 => 1,
  199 => 1,
  200 => 1,
  203 => 1,
  204 => 1,
  205 => 1,
  206 => 1,
  207 => 1,
  210 => 1,
  211 => 1,
  212 => 1,
  213 => 1,
  216 => 1,
  217 => 1,
  218 => 1,
  221 => 1,
  222 => 1,
  223 => 1,
  224 => 1,
  225 => 1,
  227 => 1,
  228 => 1,
  231 => 1,
  232 => 1,
  234 => 1,
  235 => 1,
  236 => 1,
  239 => 1,
  240 => 1,
  241 => 1,
  243 => 1,
  244 => 1,
  245 => 1,
  246 => 1,
  247 => 1,
  249 => 1,
  250 => 1,
  251 => 1,
  253 => 1,
  254 => 1,
  255 => 1,
  256 => 1,
  257 => 1,
  258 => 1,
  259 => 1,
  260 => 1,
  263 => 1,
)  
[2024-01-09 15:06:20] local.INFO: array (
  1 => 11079,
  2 => 11177,
  3 => 11004,
  4 => 11266,
  5 => 10864,
  6 => 11140,
  7 => 11302,
  8 => 11034,
  9 => 11176,
  10 => 10897,
  11 => 11043,
  12 => 11051,
  13 => 11109,
  14 => 11143,
  15 => 11193,
  16 => 11052,
  17 => 11198,
  18 => 10972,
  19 => 11204,
  20 => 11137,
  21 => 11064,
  22 => 11073,
  23 => 10991,
  24 => 11038,
  25 => 11251,
  26 => 1,
  27 => 1,
  28 => 1,
  29 => 1,
  30 => 1,
  31 => 1,
  33 => 1,
  34 => 1,
  36 => 1,
  37 => 1,
  38 => 1,
  40 => 1,
  41 => 1,
  42 => 2,
  43 => 1,
  44 => 1,
  46 => 1,
  49 => 1,
  52 => 1,
  53 => 1,
  54 => 1,
  56 => 1,
  57 => 1,
  58 => 1,
  59 => 1,
  60 => 2,
  62 => 1,
  63 => 1,
  64 => 1,
  65 => 1,
  66 => 5,
  70 => 1,
  71 => 1,
  73 => 1,
  75 => 1,
  76 => 1,
  77 => 1,
  78 => 1,
  80 => 1,
  81 => 1,
  82 => 1,
  83 => 1,
  84 => 1,
  85 => 1,
  86 => 1,
  87 => 1,
  88 => 2,
  89 => 1,
  90 => 1,
  91 => 2,
  92 => 1,
  93 => 1,
  94 => 1,
  95 => 1,
  96 => 1,
  97 => 1,
  98 => 1,
  99 => 1,
  100 => 1,
  102 => 1,
  103 => 1,
  105 => 1,
  106 => 2,
  107 => 1,
  108 => 1,
  109 => 1,
  112 => 1,
  116 => 1,
  119 => 1,
  122 => 1,
  125 => 1,
  126 => 1,
  127 => 1,
  128 => 1,
  129 => 2,
  131 => 1,
  132 => 1,
  133 => 1,
  134 => 1,
  135 => 1,
  136 => 1,
  137 => 1,
  138 => 1,
  139 => 1,
  140 => 1,
  142 => 1,
  143 => 1,
  144 => 1,
  146 => 1,
  150 => 1,
  151 => 1,
  153 => 1,
  154 => 1,
  155 => 1,
  156 => 1,
  157 => 1,
  158 => 1,
  160 => 1,
  161 => 1,
  162 => 1,
  163 => 1,
  164 => 1,
  165 => 1,
  166 => 1,
  167 => 1,
  168 => 1,
  170 => 1,
  171 => 1,
  173 => 1,
  174 => 1,
  175 => 1,
  176 => 1,
  178 => 1,
  179 => 1,
  180 => 1,
  181 => 1,
  182 => 1,
  183 => 1,
  184 => 1,
  186 => 1,
  187 => 1,
  188 => 2,
  189 => 1,
  190 => 1,
  191 => 1,
  192 => 1,
  193 => 1,
  195 => 1,
  196 => 1,
  197 => 1,
  199 => 1,
  200 => 1,
  203 => 1,
  204 => 1,
  205 => 1,
  206 => 1,
  207 => 1,
  210 => 1,
  211 => 1,
  212 => 1,
  213 => 1,
  216 => 1,
  217 => 1,
  218 => 1,
  221 => 1,
  222 => 1,
  223 => 1,
  224 => 1,
  225 => 1,
  227 => 1,
  228 => 1,
  231 => 1,
  232 => 1,
  234 => 1,
  235 => 1,
  236 => 1,
  239 => 1,
  240 => 1,
  241 => 1,
  243 => 1,
  244 => 1,
  245 => 1,
  246 => 1,
  247 => 1,
  249 => 1,
  250 => 1,
  251 => 1,
  253 => 1,
  254 => 1,
  255 => 1,
  256 => 1,
  257 => 1,
  258 => 1,
  259 => 1,
  260 => 1,
  263 => 1,
)  
[2024-01-09 15:06:33] local.INFO: array (
  1 => 11079,
  2 => 11177,
  3 => 11004,
  4 => 11266,
  5 => 10864,
  6 => 11140,
  7 => 11302,
  8 => 11034,
  9 => 11176,
  10 => 10897,
  11 => 11043,
  12 => 11051,
  13 => 11109,
  14 => 11143,
  15 => 11193,
  16 => 11052,
  17 => 11198,
  18 => 10972,
  19 => 11204,
  20 => 11137,
  21 => 11064,
  22 => 11073,
  23 => 10991,
  24 => 11038,
  25 => 11251,
  26 => 1,
  27 => 1,
  28 => 1,
  29 => 1,
  30 => 1,
  31 => 1,
  33 => 1,
  34 => 1,
  36 => 1,
  37 => 1,
  38 => 1,
  40 => 1,
  41 => 1,
  42 => 2,
  43 => 1,
  44 => 1,
  46 => 1,
  49 => 1,
  52 => 1,
  53 => 1,
  54 => 1,
  56 => 1,
  57 => 1,
  58 => 1,
  59 => 1,
  60 => 2,
  62 => 1,
  63 => 1,
  64 => 1,
  65 => 1,
  66 => 5,
  70 => 1,
  71 => 1,
  73 => 1,
  75 => 1,
  76 => 1,
  77 => 1,
  78 => 1,
  80 => 1,
  81 => 1,
  82 => 1,
  83 => 1,
  84 => 1,
  85 => 1,
  86 => 1,
  87 => 1,
  88 => 2,
  89 => 1,
  90 => 1,
  91 => 2,
  92 => 1,
  93 => 1,
  94 => 1,
  95 => 1,
  96 => 1,
  97 => 1,
  98 => 1,
  99 => 1,
  100 => 1,
  102 => 1,
  103 => 1,
  105 => 1,
  106 => 2,
  107 => 1,
  108 => 1,
  109 => 1,
  112 => 1,
  116 => 1,
  119 => 1,
  122 => 1,
  125 => 1,
  126 => 1,
  127 => 1,
  128 => 1,
  129 => 2,
  131 => 1,
  132 => 1,
  133 => 1,
  134 => 1,
  135 => 1,
  136 => 1,
  137 => 1,
  138 => 1,
  139 => 1,
  140 => 1,
  142 => 1,
  143 => 1,
  144 => 1,
  146 => 1,
  150 => 1,
  151 => 1,
  153 => 1,
  154 => 1,
  155 => 1,
  156 => 1,
  157 => 1,
  158 => 1,
  160 => 1,
  161 => 1,
  162 => 1,
  163 => 1,
  164 => 1,
  165 => 1,
  166 => 1,
  167 => 1,
  168 => 1,
  170 => 1,
  171 => 1,
  173 => 1,
  174 => 1,
  175 => 1,
  176 => 1,
  178 => 1,
  179 => 1,
  180 => 1,
  181 => 1,
  182 => 1,
  183 => 1,
  184 => 1,
  186 => 1,
  187 => 1,
  188 => 2,
  189 => 1,
  190 => 1,
  191 => 1,
  192 => 1,
  193 => 1,
  195 => 1,
  196 => 1,
  197 => 1,
  199 => 1,
  200 => 1,
  203 => 1,
  204 => 1,
  205 => 1,
  206 => 1,
  207 => 1,
  210 => 1,
  211 => 1,
  212 => 1,
  213 => 1,
  216 => 1,
  217 => 1,
  218 => 1,
  221 => 1,
  222 => 1,
  223 => 1,
  224 => 1,
  225 => 1,
  227 => 1,
  228 => 1,
  231 => 1,
  232 => 1,
  234 => 1,
  235 => 1,
  236 => 1,
  239 => 1,
  240 => 1,
  241 => 1,
  243 => 1,
  244 => 1,
  245 => 1,
  246 => 1,
  247 => 1,
  249 => 1,
  250 => 1,
  251 => 1,
  253 => 1,
  254 => 1,
  255 => 1,
  256 => 1,
  257 => 1,
  258 => 1,
  259 => 1,
  260 => 1,
  263 => 1,
)  
[2024-01-09 15:06:33] local.INFO: array (
  11079 => 1,
  11177 => 2,
  11004 => 3,
  11266 => 4,
  10864 => 5,
  11140 => 6,
  11302 => 7,
  11034 => 8,
  11176 => 9,
  10897 => 10,
  11043 => 11,
  11051 => 12,
  11109 => 13,
  11143 => 14,
  11193 => 15,
  11052 => 16,
  11198 => 17,
  10972 => 18,
  11204 => 19,
  11137 => 20,
  11064 => 21,
  11073 => 22,
  10991 => 23,
  11038 => 24,
  11251 => 25,
  1 => 263,
  2 => 188,
  5 => 66,
)  
[2024-01-09 15:06:33] local.INFO: array (
  1 => 11079,
  2 => 11177,
  3 => 11004,
  4 => 11266,
  5 => 10864,
  6 => 11140,
  7 => 11302,
  8 => 11034,
  9 => 11176,
  10 => 10897,
  11 => 11043,
  12 => 11051,
  13 => 11109,
  14 => 11143,
  15 => 11193,
  16 => 11052,
  17 => 11198,
  18 => 10972,
  19 => 11204,
  20 => 11137,
  21 => 11064,
  22 => 11073,
  23 => 10991,
  24 => 11038,
  25 => 11251,
  26 => 1,
  27 => 1,
  28 => 1,
  29 => 1,
  30 => 1,
  31 => 1,
  33 => 1,
  34 => 1,
  36 => 1,
  37 => 1,
  38 => 1,
  40 => 1,
  41 => 1,
  42 => 2,
  43 => 1,
  44 => 1,
  46 => 1,
  49 => 1,
  52 => 1,
  53 => 1,
  54 => 1,
  56 => 1,
  57 => 1,
  58 => 1,
  59 => 1,
  60 => 2,
  62 => 1,
  63 => 1,
  64 => 1,
  65 => 1,
  66 => 5,
  70 => 1,
  71 => 1,
  73 => 1,
  75 => 1,
  76 => 1,
  77 => 1,
  78 => 1,
  80 => 1,
  81 => 1,
  82 => 1,
  83 => 1,
  84 => 1,
  85 => 1,
  86 => 1,
  87 => 1,
  88 => 2,
  89 => 1,
  90 => 1,
  91 => 2,
  92 => 1,
  93 => 1,
  94 => 1,
  95 => 1,
  96 => 1,
  97 => 1,
  98 => 1,
  99 => 1,
  100 => 1,
  102 => 1,
  103 => 1,
  105 => 1,
  106 => 2,
  107 => 1,
  108 => 1,
  109 => 1,
  112 => 1,
  116 => 1,
  119 => 1,
  122 => 1,
  125 => 1,
  126 => 1,
  127 => 1,
  128 => 1,
  129 => 2,
  131 => 1,
  132 => 1,
  133 => 1,
  134 => 1,
  135 => 1,
  136 => 1,
  137 => 1,
  138 => 1,
  139 => 1,
  140 => 1,
  142 => 1,
  143 => 1,
  144 => 1,
  146 => 1,
  150 => 1,
  151 => 1,
  153 => 1,
  154 => 1,
  155 => 1,
  156 => 1,
  157 => 1,
  158 => 1,
  160 => 1,
  161 => 1,
  162 => 1,
  163 => 1,
  164 => 1,
  165 => 1,
  166 => 1,
  167 => 1,
  168 => 1,
  170 => 1,
  171 => 1,
  173 => 1,
  174 => 1,
  175 => 1,
  176 => 1,
  178 => 1,
  179 => 1,
  180 => 1,
  181 => 1,
  182 => 1,
  183 => 1,
  184 => 1,
  186 => 1,
  187 => 1,
  188 => 2,
  189 => 1,
  190 => 1,
  191 => 1,
  192 => 1,
  193 => 1,
  195 => 1,
  196 => 1,
  197 => 1,
  199 => 1,
  200 => 1,
  203 => 1,
  204 => 1,
  205 => 1,
  206 => 1,
  207 => 1,
  210 => 1,
  211 => 1,
  212 => 1,
  213 => 1,
  216 => 1,
  217 => 1,
  218 => 1,
  221 => 1,
  222 => 1,
  223 => 1,
  224 => 1,
  225 => 1,
  227 => 1,
  228 => 1,
  231 => 1,
  232 => 1,
  234 => 1,
  235 => 1,
  236 => 1,
  239 => 1,
  240 => 1,
  241 => 1,
  243 => 1,
  244 => 1,
  245 => 1,
  246 => 1,
  247 => 1,
  249 => 1,
  250 => 1,
  251 => 1,
  253 => 1,
  254 => 1,
  255 => 1,
  256 => 1,
  257 => 1,
  258 => 1,
  259 => 1,
  260 => 1,
  263 => 1,
)  
[2024-01-09 15:06:49] local.INFO: array (
  1 => 11079,
  2 => 11177,
  3 => 11004,
  4 => 11266,
  5 => 10864,
  6 => 11140,
  7 => 11302,
  8 => 11034,
  9 => 11176,
  10 => 10897,
  11 => 11043,
  12 => 11051,
  13 => 11109,
  14 => 11143,
  15 => 11193,
  16 => 11052,
  17 => 11198,
  18 => 10972,
  19 => 11204,
  20 => 11137,
  21 => 11064,
  22 => 11073,
  23 => 10991,
  24 => 11038,
  25 => 11251,
  26 => 1,
  27 => 1,
  28 => 1,
  29 => 1,
  30 => 1,
  31 => 1,
  33 => 1,
  34 => 1,
  36 => 1,
  37 => 1,
  38 => 1,
  40 => 1,
  41 => 1,
  42 => 2,
  43 => 1,
  44 => 1,
  46 => 1,
  49 => 1,
  52 => 1,
  53 => 1,
  54 => 1,
  56 => 1,
  57 => 1,
  58 => 1,
  59 => 1,
  60 => 2,
  62 => 1,
  63 => 1,
  64 => 1,
  65 => 1,
  66 => 5,
  70 => 1,
  71 => 1,
  73 => 1,
  75 => 1,
  76 => 1,
  77 => 1,
  78 => 1,
  80 => 1,
  81 => 1,
  82 => 1,
  83 => 1,
  84 => 1,
  85 => 1,
  86 => 1,
  87 => 1,
  88 => 2,
  89 => 1,
  90 => 1,
  91 => 2,
  92 => 1,
  93 => 1,
  94 => 1,
  95 => 1,
  96 => 1,
  97 => 1,
  98 => 1,
  99 => 1,
  100 => 1,
  102 => 1,
  103 => 1,
  105 => 1,
  106 => 2,
  107 => 1,
  108 => 1,
  109 => 1,
  112 => 1,
  116 => 1,
  119 => 1,
  122 => 1,
  125 => 1,
  126 => 1,
  127 => 1,
  128 => 1,
  129 => 2,
  131 => 1,
  132 => 1,
  133 => 1,
  134 => 1,
  135 => 1,
  136 => 1,
  137 => 1,
  138 => 1,
  139 => 1,
  140 => 1,
  142 => 1,
  143 => 1,
  144 => 1,
  146 => 1,
  150 => 1,
  151 => 1,
  153 => 1,
  154 => 1,
  155 => 1,
  156 => 1,
  157 => 1,
  158 => 1,
  160 => 1,
  161 => 1,
  162 => 1,
  163 => 1,
  164 => 1,
  165 => 1,
  166 => 1,
  167 => 1,
  168 => 1,
  170 => 1,
  171 => 1,
  173 => 1,
  174 => 1,
  175 => 1,
  176 => 1,
  178 => 1,
  179 => 1,
  180 => 1,
  181 => 1,
  182 => 1,
  183 => 1,
  184 => 1,
  186 => 1,
  187 => 1,
  188 => 2,
  189 => 1,
  190 => 1,
  191 => 1,
  192 => 1,
  193 => 1,
  195 => 1,
  196 => 1,
  197 => 1,
  199 => 1,
  200 => 1,
  203 => 1,
  204 => 1,
  205 => 1,
  206 => 1,
  207 => 1,
  210 => 1,
  211 => 1,
  212 => 1,
  213 => 1,
  216 => 1,
  217 => 1,
  218 => 1,
  221 => 1,
  222 => 1,
  223 => 1,
  224 => 1,
  225 => 1,
  227 => 1,
  228 => 1,
  231 => 1,
  232 => 1,
  234 => 1,
  235 => 1,
  236 => 1,
  239 => 1,
  240 => 1,
  241 => 1,
  243 => 1,
  244 => 1,
  245 => 1,
  246 => 1,
  247 => 1,
  249 => 1,
  250 => 1,
  251 => 1,
  253 => 1,
  254 => 1,
  255 => 1,
  256 => 1,
  257 => 1,
  258 => 1,
  259 => 1,
  260 => 1,
  263 => 1,
)  
[2024-01-09 15:06:49] local.INFO: array (
  1 => 11079,
  2 => 11177,
  3 => 11004,
  4 => 11266,
  5 => 10864,
  6 => 11140,
  7 => 11302,
  8 => 11034,
  9 => 11176,
  10 => 10897,
  11 => 11043,
  12 => 11051,
  13 => 11109,
  14 => 11143,
  15 => 11193,
  16 => 11052,
  17 => 11198,
  18 => 10972,
  19 => 11204,
  20 => 11137,
  21 => 11064,
  22 => 11073,
  23 => 10991,
  24 => 11038,
  25 => 11251,
  26 => 1,
  27 => 1,
  28 => 1,
  29 => 1,
  30 => 1,
  31 => 1,
  33 => 1,
  34 => 1,
  36 => 1,
  37 => 1,
  38 => 1,
  40 => 1,
  41 => 1,
  42 => 2,
  43 => 1,
  44 => 1,
  46 => 1,
  49 => 1,
  52 => 1,
  53 => 1,
  54 => 1,
  56 => 1,
  57 => 1,
  58 => 1,
  59 => 1,
  60 => 2,
  62 => 1,
  63 => 1,
  64 => 1,
  65 => 1,
  66 => 5,
  70 => 1,
  71 => 1,
  73 => 1,
  75 => 1,
  76 => 1,
  77 => 1,
  78 => 1,
  80 => 1,
  81 => 1,
  82 => 1,
  83 => 1,
  84 => 1,
  85 => 1,
  86 => 1,
  87 => 1,
  88 => 2,
  89 => 1,
  90 => 1,
  91 => 2,
  92 => 1,
  93 => 1,
  94 => 1,
  95 => 1,
  96 => 1,
  97 => 1,
  98 => 1,
  99 => 1,
  100 => 1,
  102 => 1,
  103 => 1,
  105 => 1,
  106 => 2,
  107 => 1,
  108 => 1,
  109 => 1,
  112 => 1,
  116 => 1,
  119 => 1,
  122 => 1,
  125 => 1,
  126 => 1,
  127 => 1,
  128 => 1,
  129 => 2,
  131 => 1,
  132 => 1,
  133 => 1,
  134 => 1,
  135 => 1,
  136 => 1,
  137 => 1,
  138 => 1,
  139 => 1,
  140 => 1,
  142 => 1,
  143 => 1,
  144 => 1,
  146 => 1,
  150 => 1,
  151 => 1,
  153 => 1,
  154 => 1,
  155 => 1,
  156 => 1,
  157 => 1,
  158 => 1,
  160 => 1,
  161 => 1,
  162 => 1,
  163 => 1,
  164 => 1,
  165 => 1,
  166 => 1,
  167 => 1,
  168 => 1,
  170 => 1,
  171 => 1,
  173 => 1,
  174 => 1,
  175 => 1,
  176 => 1,
  178 => 1,
  179 => 1,
  180 => 1,
  181 => 1,
  182 => 1,
  183 => 1,
  184 => 1,
  186 => 1,
  187 => 1,
  188 => 2,
  189 => 1,
  190 => 1,
  191 => 1,
  192 => 1,
  193 => 1,
  195 => 1,
  196 => 1,
  197 => 1,
  199 => 1,
  200 => 1,
  203 => 1,
  204 => 1,
  205 => 1,
  206 => 1,
  207 => 1,
  210 => 1,
  211 => 1,
  212 => 1,
  213 => 1,
  216 => 1,
  217 => 1,
  218 => 1,
  221 => 1,
  222 => 1,
  223 => 1,
  224 => 1,
  225 => 1,
  227 => 1,
  228 => 1,
  231 => 1,
  232 => 1,
  234 => 1,
  235 => 1,
  236 => 1,
  239 => 1,
  240 => 1,
  241 => 1,
  243 => 1,
  244 => 1,
  245 => 1,
  246 => 1,
  247 => 1,
  249 => 1,
  250 => 1,
  251 => 1,
  253 => 1,
  254 => 1,
  255 => 1,
  256 => 1,
  257 => 1,
  258 => 1,
  259 => 1,
  260 => 1,
  263 => 1,
)  
[2024-01-09 15:06:49] local.INFO: array (
  11079 => 1,
  11177 => 2,
  11004 => 3,
  11266 => 4,
  10864 => 5,
  11140 => 6,
  11302 => 7,
  11034 => 8,
  11176 => 9,
  10897 => 10,
  11043 => 11,
  11051 => 12,
  11109 => 13,
  11143 => 14,
  11193 => 15,
  11052 => 16,
  11198 => 17,
  10972 => 18,
  11204 => 19,
  11137 => 20,
  11064 => 21,
  11073 => 22,
  10991 => 23,
  11038 => 24,
  11251 => 25,
  1 => 263,
  2 => 188,
  5 => 66,
)  
[2024-01-09 15:07:41] local.INFO: array (
  1 => 11079,
  2 => 11177,
  3 => 11004,
  4 => 11266,
  5 => 10864,
  6 => 11140,
  7 => 11302,
  8 => 11034,
  9 => 11176,
  10 => 10897,
  11 => 11043,
  12 => 11051,
  13 => 11109,
  14 => 11143,
  15 => 11193,
  16 => 11052,
  17 => 11198,
  18 => 10972,
  19 => 11204,
  20 => 11137,
  21 => 11064,
  22 => 11073,
  23 => 10991,
  24 => 11038,
  25 => 11251,
  26 => 1,
  27 => 1,
  28 => 1,
  29 => 1,
  30 => 1,
  31 => 1,
  33 => 1,
  34 => 1,
  36 => 1,
  37 => 1,
  38 => 1,
  40 => 1,
  41 => 1,
  42 => 2,
  43 => 1,
  44 => 1,
  46 => 1,
  49 => 1,
  52 => 1,
  53 => 1,
  54 => 1,
  56 => 1,
  57 => 1,
  58 => 1,
  59 => 1,
  60 => 2,
  62 => 1,
  63 => 1,
  64 => 1,
  65 => 1,
  66 => 5,
  70 => 1,
  71 => 1,
  73 => 1,
  75 => 1,
  76 => 1,
  77 => 1,
  78 => 1,
  80 => 1,
  81 => 1,
  82 => 1,
  83 => 1,
  84 => 1,
  85 => 1,
  86 => 1,
  87 => 1,
  88 => 2,
  89 => 1,
  90 => 1,
  91 => 2,
  92 => 1,
  93 => 1,
  94 => 1,
  95 => 1,
  96 => 1,
  97 => 1,
  98 => 1,
  99 => 1,
  100 => 1,
  102 => 1,
  103 => 1,
  105 => 1,
  106 => 2,
  107 => 1,
  108 => 1,
  109 => 1,
  112 => 1,
  116 => 1,
  119 => 1,
  122 => 1,
  125 => 1,
  126 => 1,
  127 => 1,
  128 => 1,
  129 => 2,
  131 => 1,
  132 => 1,
  133 => 1,
  134 => 1,
  135 => 1,
  136 => 1,
  137 => 1,
  138 => 1,
  139 => 1,
  140 => 1,
  142 => 1,
  143 => 1,
  144 => 1,
  146 => 1,
  150 => 1,
  151 => 1,
  153 => 1,
  154 => 1,
  155 => 1,
  156 => 1,
  157 => 1,
  158 => 1,
  160 => 1,
  161 => 1,
  162 => 1,
  163 => 1,
  164 => 1,
  165 => 1,
  166 => 1,
  167 => 1,
  168 => 1,
  170 => 1,
  171 => 1,
  173 => 1,
  174 => 1,
  175 => 1,
  176 => 1,
  178 => 1,
  179 => 1,
  180 => 1,
  181 => 1,
  182 => 1,
  183 => 1,
  184 => 1,
  186 => 1,
  187 => 1,
  188 => 2,
  189 => 1,
  190 => 1,
  191 => 1,
  192 => 1,
  193 => 1,
  195 => 1,
  196 => 1,
  197 => 1,
  199 => 1,
  200 => 1,
  203 => 1,
  204 => 1,
  205 => 1,
  206 => 1,
  207 => 1,
  210 => 1,
  211 => 1,
  212 => 1,
  213 => 1,
  216 => 1,
  217 => 1,
  218 => 1,
  221 => 1,
  222 => 1,
  223 => 1,
  224 => 1,
  225 => 1,
  227 => 1,
  228 => 1,
  231 => 1,
  232 => 1,
  234 => 1,
  235 => 1,
  236 => 1,
  239 => 1,
  240 => 1,
  241 => 1,
  243 => 1,
  244 => 1,
  245 => 1,
  246 => 1,
  247 => 1,
  249 => 1,
  250 => 1,
  251 => 1,
  253 => 1,
  254 => 1,
  255 => 1,
  256 => 1,
  257 => 1,
  258 => 1,
  259 => 1,
  260 => 1,
  263 => 1,
)  
[2024-01-09 15:07:41] local.INFO: array (
  11079 => 1,
  11177 => 2,
  11004 => 3,
  11266 => 4,
  10864 => 5,
  11140 => 6,
  11302 => 7,
  11034 => 8,
  11176 => 9,
  10897 => 10,
  11043 => 11,
  11051 => 12,
  11109 => 13,
  11143 => 14,
  11193 => 15,
  11052 => 16,
  11198 => 17,
  10972 => 18,
  11204 => 19,
  11137 => 20,
  11064 => 21,
  11073 => 22,
  10991 => 23,
  11038 => 24,
  11251 => 25,
  1 => 263,
  2 => 188,
  5 => 66,
)  
[2024-01-09 15:07:41] local.INFO: array (
  1 => 11079,
  2 => 11177,
  3 => 11004,
  4 => 11266,
  5 => 10864,
  6 => 11140,
  7 => 11302,
  8 => 11034,
  9 => 11176,
  10 => 10897,
  11 => 11043,
  12 => 11051,
  13 => 11109,
  14 => 11143,
  15 => 11193,
  16 => 11052,
  17 => 11198,
  18 => 10972,
  19 => 11204,
  20 => 11137,
  21 => 11064,
  22 => 11073,
  23 => 10991,
  24 => 11038,
  25 => 11251,
  26 => 1,
  27 => 1,
  28 => 1,
  29 => 1,
  30 => 1,
  31 => 1,
  33 => 1,
  34 => 1,
  36 => 1,
  37 => 1,
  38 => 1,
  40 => 1,
  41 => 1,
  42 => 2,
  43 => 1,
  44 => 1,
  46 => 1,
  49 => 1,
  52 => 1,
  53 => 1,
  54 => 1,
  56 => 1,
  57 => 1,
  58 => 1,
  59 => 1,
  60 => 2,
  62 => 1,
  63 => 1,
  64 => 1,
  65 => 1,
  66 => 5,
  70 => 1,
  71 => 1,
  73 => 1,
  75 => 1,
  76 => 1,
  77 => 1,
  78 => 1,
  80 => 1,
  81 => 1,
  82 => 1,
  83 => 1,
  84 => 1,
  85 => 1,
  86 => 1,
  87 => 1,
  88 => 2,
  89 => 1,
  90 => 1,
  91 => 2,
  92 => 1,
  93 => 1,
  94 => 1,
  95 => 1,
  96 => 1,
  97 => 1,
  98 => 1,
  99 => 1,
  100 => 1,
  102 => 1,
  103 => 1,
  105 => 1,
  106 => 2,
  107 => 1,
  108 => 1,
  109 => 1,
  112 => 1,
  116 => 1,
  119 => 1,
  122 => 1,
  125 => 1,
  126 => 1,
  127 => 1,
  128 => 1,
  129 => 2,
  131 => 1,
  132 => 1,
  133 => 1,
  134 => 1,
  135 => 1,
  136 => 1,
  137 => 1,
  138 => 1,
  139 => 1,
  140 => 1,
  142 => 1,
  143 => 1,
  144 => 1,
  146 => 1,
  150 => 1,
  151 => 1,
  153 => 1,
  154 => 1,
  155 => 1,
  156 => 1,
  157 => 1,
  158 => 1,
  160 => 1,
  161 => 1,
  162 => 1,
  163 => 1,
  164 => 1,
  165 => 1,
  166 => 1,
  167 => 1,
  168 => 1,
  170 => 1,
  171 => 1,
  173 => 1,
  174 => 1,
  175 => 1,
  176 => 1,
  178 => 1,
  179 => 1,
  180 => 1,
  181 => 1,
  182 => 1,
  183 => 1,
  184 => 1,
  186 => 1,
  187 => 1,
  188 => 2,
  189 => 1,
  190 => 1,
  191 => 1,
  192 => 1,
  193 => 1,
  195 => 1,
  196 => 1,
  197 => 1,
  199 => 1,
  200 => 1,
  203 => 1,
  204 => 1,
  205 => 1,
  206 => 1,
  207 => 1,
  210 => 1,
  211 => 1,
  212 => 1,
  213 => 1,
  216 => 1,
  217 => 1,
  218 => 1,
  221 => 1,
  222 => 1,
  223 => 1,
  224 => 1,
  225 => 1,
  227 => 1,
  228 => 1,
  231 => 1,
  232 => 1,
  234 => 1,
  235 => 1,
  236 => 1,
  239 => 1,
  240 => 1,
  241 => 1,
  243 => 1,
  244 => 1,
  245 => 1,
  246 => 1,
  247 => 1,
  249 => 1,
  250 => 1,
  251 => 1,
  253 => 1,
  254 => 1,
  255 => 1,
  256 => 1,
  257 => 1,
  258 => 1,
  259 => 1,
  260 => 1,
  263 => 1,
)  
[2024-01-09 15:08:34] local.INFO: array (
  11079 => 1,
  11177 => 2,
  11004 => 3,
  11266 => 4,
  10864 => 5,
  11140 => 6,
  11302 => 7,
  11034 => 8,
  11176 => 9,
  10897 => 10,
  11043 => 11,
  11051 => 12,
  11109 => 13,
  11143 => 14,
  11193 => 15,
  11052 => 16,
  11198 => 17,
  10972 => 18,
  11204 => 19,
  11137 => 20,
  11064 => 21,
  11073 => 22,
  10991 => 23,
  11038 => 24,
  11251 => 25,
  1 => 263,
  2 => 188,
  5 => 66,
)  
[2024-01-09 15:08:34] local.INFO: array (
  1 => 11079,
  2 => 11177,
  3 => 11004,
  4 => 11266,
  5 => 10864,
  6 => 11140,
  7 => 11302,
  8 => 11034,
  9 => 11176,
  10 => 10897,
  11 => 11043,
  12 => 11051,
  13 => 11109,
  14 => 11143,
  15 => 11193,
  16 => 11052,
  17 => 11198,
  18 => 10972,
  19 => 11204,
  20 => 11137,
  21 => 11064,
  22 => 11073,
  23 => 10991,
  24 => 11038,
  25 => 11251,
  26 => 1,
  27 => 1,
  28 => 1,
  29 => 1,
  30 => 1,
  31 => 1,
  33 => 1,
  34 => 1,
  36 => 1,
  37 => 1,
  38 => 1,
  40 => 1,
  41 => 1,
  42 => 2,
  43 => 1,
  44 => 1,
  46 => 1,
  49 => 1,
  52 => 1,
  53 => 1,
  54 => 1,
  56 => 1,
  57 => 1,
  58 => 1,
  59 => 1,
  60 => 2,
  62 => 1,
  63 => 1,
  64 => 1,
  65 => 1,
  66 => 5,
  70 => 1,
  71 => 1,
  73 => 1,
  75 => 1,
  76 => 1,
  77 => 1,
  78 => 1,
  80 => 1,
  81 => 1,
  82 => 1,
  83 => 1,
  84 => 1,
  85 => 1,
  86 => 1,
  87 => 1,
  88 => 2,
  89 => 1,
  90 => 1,
  91 => 2,
  92 => 1,
  93 => 1,
  94 => 1,
  95 => 1,
  96 => 1,
  97 => 1,
  98 => 1,
  99 => 1,
  100 => 1,
  102 => 1,
  103 => 1,
  105 => 1,
  106 => 2,
  107 => 1,
  108 => 1,
  109 => 1,
  112 => 1,
  116 => 1,
  119 => 1,
  122 => 1,
  125 => 1,
  126 => 1,
  127 => 1,
  128 => 1,
  129 => 2,
  131 => 1,
  132 => 1,
  133 => 1,
  134 => 1,
  135 => 1,
  136 => 1,
  137 => 1,
  138 => 1,
  139 => 1,
  140 => 1,
  142 => 1,
  143 => 1,
  144 => 1,
  146 => 1,
  150 => 1,
  151 => 1,
  153 => 1,
  154 => 1,
  155 => 1,
  156 => 1,
  157 => 1,
  158 => 1,
  160 => 1,
  161 => 1,
  162 => 1,
  163 => 1,
  164 => 1,
  165 => 1,
  166 => 1,
  167 => 1,
  168 => 1,
  170 => 1,
  171 => 1,
  173 => 1,
  174 => 1,
  175 => 1,
  176 => 1,
  178 => 1,
  179 => 1,
  180 => 1,
  181 => 1,
  182 => 1,
  183 => 1,
  184 => 1,
  186 => 1,
  187 => 1,
  188 => 2,
  189 => 1,
  190 => 1,
  191 => 1,
  192 => 1,
  193 => 1,
  195 => 1,
  196 => 1,
  197 => 1,
  199 => 1,
  200 => 1,
  203 => 1,
  204 => 1,
  205 => 1,
  206 => 1,
  207 => 1,
  210 => 1,
  211 => 1,
  212 => 1,
  213 => 1,
  216 => 1,
  217 => 1,
  218 => 1,
  221 => 1,
  222 => 1,
  223 => 1,
  224 => 1,
  225 => 1,
  227 => 1,
  228 => 1,
  231 => 1,
  232 => 1,
  234 => 1,
  235 => 1,
  236 => 1,
  239 => 1,
  240 => 1,
  241 => 1,
  243 => 1,
  244 => 1,
  245 => 1,
  246 => 1,
  247 => 1,
  249 => 1,
  250 => 1,
  251 => 1,
  253 => 1,
  254 => 1,
  255 => 1,
  256 => 1,
  257 => 1,
  258 => 1,
  259 => 1,
  260 => 1,
  263 => 1,
)  
[2024-01-09 15:08:34] local.INFO: array (
  1 => 11079,
  2 => 11177,
  3 => 11004,
  4 => 11266,
  5 => 10864,
  6 => 11140,
  7 => 11302,
  8 => 11034,
  9 => 11176,
  10 => 10897,
  11 => 11043,
  12 => 11051,
  13 => 11109,
  14 => 11143,
  15 => 11193,
  16 => 11052,
  17 => 11198,
  18 => 10972,
  19 => 11204,
  20 => 11137,
  21 => 11064,
  22 => 11073,
  23 => 10991,
  24 => 11038,
  25 => 11251,
  26 => 1,
  27 => 1,
  28 => 1,
  29 => 1,
  30 => 1,
  31 => 1,
  33 => 1,
  34 => 1,
  36 => 1,
  37 => 1,
  38 => 1,
  40 => 1,
  41 => 1,
  42 => 2,
  43 => 1,
  44 => 1,
  46 => 1,
  49 => 1,
  52 => 1,
  53 => 1,
  54 => 1,
  56 => 1,
  57 => 1,
  58 => 1,
  59 => 1,
  60 => 2,
  62 => 1,
  63 => 1,
  64 => 1,
  65 => 1,
  66 => 5,
  70 => 1,
  71 => 1,
  73 => 1,
  75 => 1,
  76 => 1,
  77 => 1,
  78 => 1,
  80 => 1,
  81 => 1,
  82 => 1,
  83 => 1,
  84 => 1,
  85 => 1,
  86 => 1,
  87 => 1,
  88 => 2,
  89 => 1,
  90 => 1,
  91 => 2,
  92 => 1,
  93 => 1,
  94 => 1,
  95 => 1,
  96 => 1,
  97 => 1,
  98 => 1,
  99 => 1,
  100 => 1,
  102 => 1,
  103 => 1,
  105 => 1,
  106 => 2,
  107 => 1,
  108 => 1,
  109 => 1,
  112 => 1,
  116 => 1,
  119 => 1,
  122 => 1,
  125 => 1,
  126 => 1,
  127 => 1,
  128 => 1,
  129 => 2,
  131 => 1,
  132 => 1,
  133 => 1,
  134 => 1,
  135 => 1,
  136 => 1,
  137 => 1,
  138 => 1,
  139 => 1,
  140 => 1,
  142 => 1,
  143 => 1,
  144 => 1,
  146 => 1,
  150 => 1,
  151 => 1,
  153 => 1,
  154 => 1,
  155 => 1,
  156 => 1,
  157 => 1,
  158 => 1,
  160 => 1,
  161 => 1,
  162 => 1,
  163 => 1,
  164 => 1,
  165 => 1,
  166 => 1,
  167 => 1,
  168 => 1,
  170 => 1,
  171 => 1,
  173 => 1,
  174 => 1,
  175 => 1,
  176 => 1,
  178 => 1,
  179 => 1,
  180 => 1,
  181 => 1,
  182 => 1,
  183 => 1,
  184 => 1,
  186 => 1,
  187 => 1,
  188 => 2,
  189 => 1,
  190 => 1,
  191 => 1,
  192 => 1,
  193 => 1,
  195 => 1,
  196 => 1,
  197 => 1,
  199 => 1,
  200 => 1,
  203 => 1,
  204 => 1,
  205 => 1,
  206 => 1,
  207 => 1,
  210 => 1,
  211 => 1,
  212 => 1,
  213 => 1,
  216 => 1,
  217 => 1,
  218 => 1,
  221 => 1,
  222 => 1,
  223 => 1,
  224 => 1,
  225 => 1,
  227 => 1,
  228 => 1,
  231 => 1,
  232 => 1,
  234 => 1,
  235 => 1,
  236 => 1,
  239 => 1,
  240 => 1,
  241 => 1,
  243 => 1,
  244 => 1,
  245 => 1,
  246 => 1,
  247 => 1,
  249 => 1,
  250 => 1,
  251 => 1,
  253 => 1,
  254 => 1,
  255 => 1,
  256 => 1,
  257 => 1,
  258 => 1,
  259 => 1,
  260 => 1,
  263 => 1,
)  
[2024-01-09 15:09:23] local.INFO: array (
  1 => 11079,
  2 => 11177,
  3 => 11004,
  4 => 11266,
  5 => 10864,
  6 => 11140,
  7 => 11302,
  8 => 11034,
  9 => 11176,
  10 => 10897,
  11 => 11043,
  12 => 11051,
  13 => 11109,
  14 => 11143,
  15 => 11193,
  16 => 11052,
  17 => 11198,
  18 => 10972,
  19 => 11204,
  20 => 11137,
  21 => 11064,
  22 => 11073,
  23 => 10991,
  24 => 11038,
  25 => 11251,
  26 => 1,
  27 => 1,
  28 => 1,
  29 => 1,
  30 => 1,
  31 => 1,
  33 => 1,
  34 => 1,
  36 => 1,
  37 => 1,
  38 => 1,
  40 => 1,
  41 => 1,
  42 => 2,
  43 => 1,
  44 => 1,
  46 => 1,
  49 => 1,
  52 => 1,
  53 => 1,
  54 => 1,
  56 => 1,
  57 => 1,
  58 => 1,
  59 => 1,
  60 => 2,
  62 => 1,
  63 => 1,
  64 => 1,
  65 => 1,
  66 => 5,
  70 => 1,
  71 => 1,
  73 => 1,
  75 => 1,
  76 => 1,
  77 => 1,
  78 => 1,
  80 => 1,
  81 => 1,
  82 => 1,
  83 => 1,
  84 => 1,
  85 => 1,
  86 => 1,
  87 => 1,
  88 => 2,
  89 => 1,
  90 => 1,
  91 => 2,
  92 => 1,
  93 => 1,
  94 => 1,
  95 => 1,
  96 => 1,
  97 => 1,
  98 => 1,
  99 => 1,
  100 => 1,
  102 => 1,
  103 => 1,
  105 => 1,
  106 => 2,
  107 => 1,
  108 => 1,
  109 => 1,
  112 => 1,
  116 => 1,
  119 => 1,
  122 => 1,
  125 => 1,
  126 => 1,
  127 => 1,
  128 => 1,
  129 => 2,
  131 => 1,
  132 => 1,
  133 => 1,
  134 => 1,
  135 => 1,
  136 => 1,
  137 => 1,
  138 => 1,
  139 => 1,
  140 => 1,
  142 => 1,
  143 => 1,
  144 => 1,
  146 => 1,
  150 => 1,
  151 => 1,
  153 => 1,
  154 => 1,
  155 => 1,
  156 => 1,
  157 => 1,
  158 => 1,
  160 => 1,
  161 => 1,
  162 => 1,
  163 => 1,
  164 => 1,
  165 => 1,
  166 => 1,
  167 => 1,
  168 => 1,
  170 => 1,
  171 => 1,
  173 => 1,
  174 => 1,
  175 => 1,
  176 => 1,
  178 => 1,
  179 => 1,
  180 => 1,
  181 => 1,
  182 => 1,
  183 => 1,
  184 => 1,
  186 => 1,
  187 => 1,
  188 => 2,
  189 => 1,
  190 => 1,
  191 => 1,
  192 => 1,
  193 => 1,
  195 => 1,
  196 => 1,
  197 => 1,
  199 => 1,
  200 => 1,
  203 => 1,
  204 => 1,
  205 => 1,
  206 => 1,
  207 => 1,
  210 => 1,
  211 => 1,
  212 => 1,
  213 => 1,
  216 => 1,
  217 => 1,
  218 => 1,
  221 => 1,
  222 => 1,
  223 => 1,
  224 => 1,
  225 => 1,
  227 => 1,
  228 => 1,
  231 => 1,
  232 => 1,
  234 => 1,
  235 => 1,
  236 => 1,
  239 => 1,
  240 => 1,
  241 => 1,
  243 => 1,
  244 => 1,
  245 => 1,
  246 => 1,
  247 => 1,
  249 => 1,
  250 => 1,
  251 => 1,
  253 => 1,
  254 => 1,
  255 => 1,
  256 => 1,
  257 => 1,
  258 => 1,
  259 => 1,
  260 => 1,
  263 => 1,
)  
[2024-01-09 15:09:23] local.INFO: array (
  1 => 11079,
  2 => 11177,
  3 => 11004,
  4 => 11266,
  5 => 10864,
  6 => 11140,
  7 => 11302,
  8 => 11034,
  9 => 11176,
  10 => 10897,
  11 => 11043,
  12 => 11051,
  13 => 11109,
  14 => 11143,
  15 => 11193,
  16 => 11052,
  17 => 11198,
  18 => 10972,
  19 => 11204,
  20 => 11137,
  21 => 11064,
  22 => 11073,
  23 => 10991,
  24 => 11038,
  25 => 11251,
  26 => 1,
  27 => 1,
  28 => 1,
  29 => 1,
  30 => 1,
  31 => 1,
  33 => 1,
  34 => 1,
  36 => 1,
  37 => 1,
  38 => 1,
  40 => 1,
  41 => 1,
  42 => 2,
  43 => 1,
  44 => 1,
  46 => 1,
  49 => 1,
  52 => 1,
  53 => 1,
  54 => 1,
  56 => 1,
  57 => 1,
  58 => 1,
  59 => 1,
  60 => 2,
  62 => 1,
  63 => 1,
  64 => 1,
  65 => 1,
  66 => 5,
  70 => 1,
  71 => 1,
  73 => 1,
  75 => 1,
  76 => 1,
  77 => 1,
  78 => 1,
  80 => 1,
  81 => 1,
  82 => 1,
  83 => 1,
  84 => 1,
  85 => 1,
  86 => 1,
  87 => 1,
  88 => 2,
  89 => 1,
  90 => 1,
  91 => 2,
  92 => 1,
  93 => 1,
  94 => 1,
  95 => 1,
  96 => 1,
  97 => 1,
  98 => 1,
  99 => 1,
  100 => 1,
  102 => 1,
  103 => 1,
  105 => 1,
  106 => 2,
  107 => 1,
  108 => 1,
  109 => 1,
  112 => 1,
  116 => 1,
  119 => 1,
  122 => 1,
  125 => 1,
  126 => 1,
  127 => 1,
  128 => 1,
  129 => 2,
  131 => 1,
  132 => 1,
  133 => 1,
  134 => 1,
  135 => 1,
  136 => 1,
  137 => 1,
  138 => 1,
  139 => 1,
  140 => 1,
  142 => 1,
  143 => 1,
  144 => 1,
  146 => 1,
  150 => 1,
  151 => 1,
  153 => 1,
  154 => 1,
  155 => 1,
  156 => 1,
  157 => 1,
  158 => 1,
  160 => 1,
  161 => 1,
  162 => 1,
  163 => 1,
  164 => 1,
  165 => 1,
  166 => 1,
  167 => 1,
  168 => 1,
  170 => 1,
  171 => 1,
  173 => 1,
  174 => 1,
  175 => 1,
  176 => 1,
  178 => 1,
  179 => 1,
  180 => 1,
  181 => 1,
  182 => 1,
  183 => 1,
  184 => 1,
  186 => 1,
  187 => 1,
  188 => 2,
  189 => 1,
  190 => 1,
  191 => 1,
  192 => 1,
  193 => 1,
  195 => 1,
  196 => 1,
  197 => 1,
  199 => 1,
  200 => 1,
  203 => 1,
  204 => 1,
  205 => 1,
  206 => 1,
  207 => 1,
  210 => 1,
  211 => 1,
  212 => 1,
  213 => 1,
  216 => 1,
  217 => 1,
  218 => 1,
  221 => 1,
  222 => 1,
  223 => 1,
  224 => 1,
  225 => 1,
  227 => 1,
  228 => 1,
  231 => 1,
  232 => 1,
  234 => 1,
  235 => 1,
  236 => 1,
  239 => 1,
  240 => 1,
  241 => 1,
  243 => 1,
  244 => 1,
  245 => 1,
  246 => 1,
  247 => 1,
  249 => 1,
  250 => 1,
  251 => 1,
  253 => 1,
  254 => 1,
  255 => 1,
  256 => 1,
  257 => 1,
  258 => 1,
  259 => 1,
  260 => 1,
  263 => 1,
)  
[2024-01-09 15:09:23] local.INFO: array (
  11079 => 1,
  11177 => 2,
  11004 => 3,
  11266 => 4,
  10864 => 5,
  11140 => 6,
  11302 => 7,
  11034 => 8,
  11176 => 9,
  10897 => 10,
  11043 => 11,
  11051 => 12,
  11109 => 13,
  11143 => 14,
  11193 => 15,
  11052 => 16,
  11198 => 17,
  10972 => 18,
  11204 => 19,
  11137 => 20,
  11064 => 21,
  11073 => 22,
  10991 => 23,
  11038 => 24,
  11251 => 25,
  1 => 263,
  2 => 188,
  5 => 66,
)  
[2024-01-09 15:10:06] local.INFO: array (
  1 => 11079,
  2 => 11177,
  3 => 11004,
  4 => 11266,
  5 => 10864,
  6 => 11140,
  7 => 11302,
  8 => 11034,
  9 => 11176,
  10 => 10897,
  11 => 11043,
  12 => 11051,
  13 => 11109,
  14 => 11143,
  15 => 11193,
  16 => 11052,
  17 => 11198,
  18 => 10972,
  19 => 11204,
  20 => 11137,
  21 => 11064,
  22 => 11073,
  23 => 10991,
  24 => 11038,
  25 => 11251,
  26 => 1,
  27 => 1,
  28 => 1,
  29 => 1,
  30 => 1,
  31 => 1,
  33 => 1,
  34 => 1,
  36 => 1,
  37 => 1,
  38 => 1,
  40 => 1,
  41 => 1,
  42 => 2,
  43 => 1,
  44 => 1,
  46 => 1,
  49 => 1,
  52 => 1,
  53 => 1,
  54 => 1,
  56 => 1,
  57 => 1,
  58 => 1,
  59 => 1,
  60 => 2,
  62 => 1,
  63 => 1,
  64 => 1,
  65 => 1,
  66 => 5,
  70 => 1,
  71 => 1,
  73 => 1,
  75 => 1,
  76 => 1,
  77 => 1,
  78 => 1,
  80 => 1,
  81 => 1,
  82 => 1,
  83 => 1,
  84 => 1,
  85 => 1,
  86 => 1,
  87 => 1,
  88 => 2,
  89 => 1,
  90 => 1,
  91 => 2,
  92 => 1,
  93 => 1,
  94 => 1,
  95 => 1,
  96 => 1,
  97 => 1,
  98 => 1,
  99 => 1,
  100 => 1,
  102 => 1,
  103 => 1,
  105 => 1,
  106 => 2,
  107 => 1,
  108 => 1,
  109 => 1,
  112 => 1,
  116 => 1,
  119 => 1,
  122 => 1,
  125 => 1,
  126 => 1,
  127 => 1,
  128 => 1,
  129 => 2,
  131 => 1,
  132 => 1,
  133 => 1,
  134 => 1,
  135 => 1,
  136 => 1,
  137 => 1,
  138 => 1,
  139 => 1,
  140 => 1,
  142 => 1,
  143 => 1,
  144 => 1,
  146 => 1,
  150 => 1,
  151 => 1,
  153 => 1,
  154 => 1,
  155 => 1,
  156 => 1,
  157 => 1,
  158 => 1,
  160 => 1,
  161 => 1,
  162 => 1,
  163 => 1,
  164 => 1,
  165 => 1,
  166 => 1,
  167 => 1,
  168 => 1,
  170 => 1,
  171 => 1,
  173 => 1,
  174 => 1,
  175 => 1,
  176 => 1,
  178 => 1,
  179 => 1,
  180 => 1,
  181 => 1,
  182 => 1,
  183 => 1,
  184 => 1,
  186 => 1,
  187 => 1,
  188 => 2,
  189 => 1,
  190 => 1,
  191 => 1,
  192 => 1,
  193 => 1,
  195 => 1,
  196 => 1,
  197 => 1,
  199 => 1,
  200 => 1,
  203 => 1,
  204 => 1,
  205 => 1,
  206 => 1,
  207 => 1,
  210 => 1,
  211 => 1,
  212 => 1,
  213 => 1,
  216 => 1,
  217 => 1,
  218 => 1,
  221 => 1,
  222 => 1,
  223 => 1,
  224 => 1,
  225 => 1,
  227 => 1,
  228 => 1,
  231 => 1,
  232 => 1,
  234 => 1,
  235 => 1,
  236 => 1,
  239 => 1,
  240 => 1,
  241 => 1,
  243 => 1,
  244 => 1,
  245 => 1,
  246 => 1,
  247 => 1,
  249 => 1,
  250 => 1,
  251 => 1,
  253 => 1,
  254 => 1,
  255 => 1,
  256 => 1,
  257 => 1,
  258 => 1,
  259 => 1,
  260 => 1,
  263 => 1,
)  
[2024-01-09 15:10:06] local.INFO: array (
  1 => 11079,
  2 => 11177,
  3 => 11004,
  4 => 11266,
  5 => 10864,
  6 => 11140,
  7 => 11302,
  8 => 11034,
  9 => 11176,
  10 => 10897,
  11 => 11043,
  12 => 11051,
  13 => 11109,
  14 => 11143,
  15 => 11193,
  16 => 11052,
  17 => 11198,
  18 => 10972,
  19 => 11204,
  20 => 11137,
  21 => 11064,
  22 => 11073,
  23 => 10991,
  24 => 11038,
  25 => 11251,
  26 => 1,
  27 => 1,
  28 => 1,
  29 => 1,
  30 => 1,
  31 => 1,
  33 => 1,
  34 => 1,
  36 => 1,
  37 => 1,
  38 => 1,
  40 => 1,
  41 => 1,
  42 => 2,
  43 => 1,
  44 => 1,
  46 => 1,
  49 => 1,
  52 => 1,
  53 => 1,
  54 => 1,
  56 => 1,
  57 => 1,
  58 => 1,
  59 => 1,
  60 => 2,
  62 => 1,
  63 => 1,
  64 => 1,
  65 => 1,
  66 => 5,
  70 => 1,
  71 => 1,
  73 => 1,
  75 => 1,
  76 => 1,
  77 => 1,
  78 => 1,
  80 => 1,
  81 => 1,
  82 => 1,
  83 => 1,
  84 => 1,
  85 => 1,
  86 => 1,
  87 => 1,
  88 => 2,
  89 => 1,
  90 => 1,
  91 => 2,
  92 => 1,
  93 => 1,
  94 => 1,
  95 => 1,
  96 => 1,
  97 => 1,
  98 => 1,
  99 => 1,
  100 => 1,
  102 => 1,
  103 => 1,
  105 => 1,
  106 => 2,
  107 => 1,
  108 => 1,
  109 => 1,
  112 => 1,
  116 => 1,
  119 => 1,
  122 => 1,
  125 => 1,
  126 => 1,
  127 => 1,
  128 => 1,
  129 => 2,
  131 => 1,
  132 => 1,
  133 => 1,
  134 => 1,
  135 => 1,
  136 => 1,
  137 => 1,
  138 => 1,
  139 => 1,
  140 => 1,
  142 => 1,
  143 => 1,
  144 => 1,
  146 => 1,
  150 => 1,
  151 => 1,
  153 => 1,
  154 => 1,
  155 => 1,
  156 => 1,
  157 => 1,
  158 => 1,
  160 => 1,
  161 => 1,
  162 => 1,
  163 => 1,
  164 => 1,
  165 => 1,
  166 => 1,
  167 => 1,
  168 => 1,
  170 => 1,
  171 => 1,
  173 => 1,
  174 => 1,
  175 => 1,
  176 => 1,
  178 => 1,
  179 => 1,
  180 => 1,
  181 => 1,
  182 => 1,
  183 => 1,
  184 => 1,
  186 => 1,
  187 => 1,
  188 => 2,
  189 => 1,
  190 => 1,
  191 => 1,
  192 => 1,
  193 => 1,
  195 => 1,
  196 => 1,
  197 => 1,
  199 => 1,
  200 => 1,
  203 => 1,
  204 => 1,
  205 => 1,
  206 => 1,
  207 => 1,
  210 => 1,
  211 => 1,
  212 => 1,
  213 => 1,
  216 => 1,
  217 => 1,
  218 => 1,
  221 => 1,
  222 => 1,
  223 => 1,
  224 => 1,
  225 => 1,
  227 => 1,
  228 => 1,
  231 => 1,
  232 => 1,
  234 => 1,
  235 => 1,
  236 => 1,
  239 => 1,
  240 => 1,
  241 => 1,
  243 => 1,
  244 => 1,
  245 => 1,
  246 => 1,
  247 => 1,
  249 => 1,
  250 => 1,
  251 => 1,
  253 => 1,
  254 => 1,
  255 => 1,
  256 => 1,
  257 => 1,
  258 => 1,
  259 => 1,
  260 => 1,
  263 => 1,
)  
[2024-01-09 15:10:06] local.INFO: array (
  11079 => 1,
  11177 => 2,
  11004 => 3,
  11266 => 4,
  10864 => 5,
  11140 => 6,
  11302 => 7,
  11034 => 8,
  11176 => 9,
  10897 => 10,
  11043 => 11,
  11051 => 12,
  11109 => 13,
  11143 => 14,
  11193 => 15,
  11052 => 16,
  11198 => 17,
  10972 => 18,
  11204 => 19,
  11137 => 20,
  11064 => 21,
  11073 => 22,
  10991 => 23,
  11038 => 24,
  11251 => 25,
  1 => 263,
  2 => 188,
  5 => 66,
)  
[2024-01-09 15:10:41] local.INFO: array (
  1 => 11079,
  2 => 11177,
  3 => 11004,
  4 => 11266,
  5 => 10864,
  6 => 11140,
  7 => 11302,
  8 => 11034,
  9 => 11176,
  10 => 10897,
  11 => 11043,
  12 => 11051,
  13 => 11109,
  14 => 11143,
  15 => 11193,
  16 => 11052,
  17 => 11198,
  18 => 10972,
  19 => 11204,
  20 => 11137,
  21 => 11064,
  22 => 11073,
  23 => 10991,
  24 => 11038,
  25 => 11251,
  26 => 1,
  27 => 1,
  28 => 1,
  29 => 1,
  30 => 1,
  31 => 1,
  33 => 1,
  34 => 1,
  36 => 1,
  37 => 1,
  38 => 1,
  40 => 1,
  41 => 1,
  42 => 2,
  43 => 1,
  44 => 1,
  46 => 1,
  49 => 1,
  52 => 1,
  53 => 1,
  54 => 1,
  56 => 1,
  57 => 1,
  58 => 1,
  59 => 1,
  60 => 2,
  62 => 1,
  63 => 1,
  64 => 1,
  65 => 1,
  66 => 5,
  70 => 1,
  71 => 1,
  73 => 1,
  75 => 1,
  76 => 1,
  77 => 1,
  78 => 1,
  80 => 1,
  81 => 1,
  82 => 1,
  83 => 1,
  84 => 1,
  85 => 1,
  86 => 1,
  87 => 1,
  88 => 2,
  89 => 1,
  90 => 1,
  91 => 2,
  92 => 1,
  93 => 1,
  94 => 1,
  95 => 1,
  96 => 1,
  97 => 1,
  98 => 1,
  99 => 1,
  100 => 1,
  102 => 1,
  103 => 1,
  105 => 1,
  106 => 2,
  107 => 1,
  108 => 1,
  109 => 1,
  112 => 1,
  116 => 1,
  119 => 1,
  122 => 1,
  125 => 1,
  126 => 1,
  127 => 1,
  128 => 1,
  129 => 2,
  131 => 1,
  132 => 1,
  133 => 1,
  134 => 1,
  135 => 1,
  136 => 1,
  137 => 1,
  138 => 1,
  139 => 1,
  140 => 1,
  142 => 1,
  143 => 1,
  144 => 1,
  146 => 1,
  150 => 1,
  151 => 1,
  153 => 1,
  154 => 1,
  155 => 1,
  156 => 1,
  157 => 1,
  158 => 1,
  160 => 1,
  161 => 1,
  162 => 1,
  163 => 1,
  164 => 1,
  165 => 1,
  166 => 1,
  167 => 1,
  168 => 1,
  170 => 1,
  171 => 1,
  173 => 1,
  174 => 1,
  175 => 1,
  176 => 1,
  178 => 1,
  179 => 1,
  180 => 1,
  181 => 1,
  182 => 1,
  183 => 1,
  184 => 1,
  186 => 1,
  187 => 1,
  188 => 2,
  189 => 1,
  190 => 1,
  191 => 1,
  192 => 1,
  193 => 1,
  195 => 1,
  196 => 1,
  197 => 1,
  199 => 1,
  200 => 1,
  203 => 1,
  204 => 1,
  205 => 1,
  206 => 1,
  207 => 1,
  210 => 1,
  211 => 1,
  212 => 1,
  213 => 1,
  216 => 1,
  217 => 1,
  218 => 1,
  221 => 1,
  222 => 1,
  223 => 1,
  224 => 1,
  225 => 1,
  227 => 1,
  228 => 1,
  231 => 1,
  232 => 1,
  234 => 1,
  235 => 1,
  236 => 1,
  239 => 1,
  240 => 1,
  241 => 1,
  243 => 1,
  244 => 1,
  245 => 1,
  246 => 1,
  247 => 1,
  249 => 1,
  250 => 1,
  251 => 1,
  253 => 1,
  254 => 1,
  255 => 1,
  256 => 1,
  257 => 1,
  258 => 1,
  259 => 1,
  260 => 1,
  263 => 1,
)  
[2024-01-09 15:10:41] local.INFO: array (
  11079 => 1,
  11177 => 2,
  11004 => 3,
  11266 => 4,
  10864 => 5,
  11140 => 6,
  11302 => 7,
  11034 => 8,
  11176 => 9,
  10897 => 10,
  11043 => 11,
  11051 => 12,
  11109 => 13,
  11143 => 14,
  11193 => 15,
  11052 => 16,
  11198 => 17,
  10972 => 18,
  11204 => 19,
  11137 => 20,
  11064 => 21,
  11073 => 22,
  10991 => 23,
  11038 => 24,
  11251 => 25,
  1 => 263,
  2 => 188,
  5 => 66,
)  
[2024-01-09 15:10:41] local.INFO: array (
  1 => 11079,
  2 => 11177,
  3 => 11004,
  4 => 11266,
  5 => 10864,
  6 => 11140,
  7 => 11302,
  8 => 11034,
  9 => 11176,
  10 => 10897,
  11 => 11043,
  12 => 11051,
  13 => 11109,
  14 => 11143,
  15 => 11193,
  16 => 11052,
  17 => 11198,
  18 => 10972,
  19 => 11204,
  20 => 11137,
  21 => 11064,
  22 => 11073,
  23 => 10991,
  24 => 11038,
  25 => 11251,
  26 => 1,
  27 => 1,
  28 => 1,
  29 => 1,
  30 => 1,
  31 => 1,
  33 => 1,
  34 => 1,
  36 => 1,
  37 => 1,
  38 => 1,
  40 => 1,
  41 => 1,
  42 => 2,
  43 => 1,
  44 => 1,
  46 => 1,
  49 => 1,
  52 => 1,
  53 => 1,
  54 => 1,
  56 => 1,
  57 => 1,
  58 => 1,
  59 => 1,
  60 => 2,
  62 => 1,
  63 => 1,
  64 => 1,
  65 => 1,
  66 => 5,
  70 => 1,
  71 => 1,
  73 => 1,
  75 => 1,
  76 => 1,
  77 => 1,
  78 => 1,
  80 => 1,
  81 => 1,
  82 => 1,
  83 => 1,
  84 => 1,
  85 => 1,
  86 => 1,
  87 => 1,
  88 => 2,
  89 => 1,
  90 => 1,
  91 => 2,
  92 => 1,
  93 => 1,
  94 => 1,
  95 => 1,
  96 => 1,
  97 => 1,
  98 => 1,
  99 => 1,
  100 => 1,
  102 => 1,
  103 => 1,
  105 => 1,
  106 => 2,
  107 => 1,
  108 => 1,
  109 => 1,
  112 => 1,
  116 => 1,
  119 => 1,
  122 => 1,
  125 => 1,
  126 => 1,
  127 => 1,
  128 => 1,
  129 => 2,
  131 => 1,
  132 => 1,
  133 => 1,
  134 => 1,
  135 => 1,
  136 => 1,
  137 => 1,
  138 => 1,
  139 => 1,
  140 => 1,
  142 => 1,
  143 => 1,
  144 => 1,
  146 => 1,
  150 => 1,
  151 => 1,
  153 => 1,
  154 => 1,
  155 => 1,
  156 => 1,
  157 => 1,
  158 => 1,
  160 => 1,
  161 => 1,
  162 => 1,
  163 => 1,
  164 => 1,
  165 => 1,
  166 => 1,
  167 => 1,
  168 => 1,
  170 => 1,
  171 => 1,
  173 => 1,
  174 => 1,
  175 => 1,
  176 => 1,
  178 => 1,
  179 => 1,
  180 => 1,
  181 => 1,
  182 => 1,
  183 => 1,
  184 => 1,
  186 => 1,
  187 => 1,
  188 => 2,
  189 => 1,
  190 => 1,
  191 => 1,
  192 => 1,
  193 => 1,
  195 => 1,
  196 => 1,
  197 => 1,
  199 => 1,
  200 => 1,
  203 => 1,
  204 => 1,
  205 => 1,
  206 => 1,
  207 => 1,
  210 => 1,
  211 => 1,
  212 => 1,
  213 => 1,
  216 => 1,
  217 => 1,
  218 => 1,
  221 => 1,
  222 => 1,
  223 => 1,
  224 => 1,
  225 => 1,
  227 => 1,
  228 => 1,
  231 => 1,
  232 => 1,
  234 => 1,
  235 => 1,
  236 => 1,
  239 => 1,
  240 => 1,
  241 => 1,
  243 => 1,
  244 => 1,
  245 => 1,
  246 => 1,
  247 => 1,
  249 => 1,
  250 => 1,
  251 => 1,
  253 => 1,
  254 => 1,
  255 => 1,
  256 => 1,
  257 => 1,
  258 => 1,
  259 => 1,
  260 => 1,
  263 => 1,
)  
[2024-01-09 15:11:11] local.INFO: array (
  11079 => 1,
  11177 => 2,
  11004 => 3,
  11266 => 4,
  10864 => 5,
  11140 => 6,
  11302 => 7,
  11034 => 8,
  11176 => 9,
  10897 => 10,
  11043 => 11,
  11051 => 12,
  11109 => 13,
  11143 => 14,
  11193 => 15,
  11052 => 16,
  11198 => 17,
  10972 => 18,
  11204 => 19,
  11137 => 20,
  11064 => 21,
  11073 => 22,
  10991 => 23,
  11038 => 24,
  11251 => 25,
  1 => 263,
  2 => 188,
  5 => 66,
)  
[2024-01-09 15:11:11] local.INFO: array (
  1 => 11079,
  2 => 11177,
  3 => 11004,
  4 => 11266,
  5 => 10864,
  6 => 11140,
  7 => 11302,
  8 => 11034,
  9 => 11176,
  10 => 10897,
  11 => 11043,
  12 => 11051,
  13 => 11109,
  14 => 11143,
  15 => 11193,
  16 => 11052,
  17 => 11198,
  18 => 10972,
  19 => 11204,
  20 => 11137,
  21 => 11064,
  22 => 11073,
  23 => 10991,
  24 => 11038,
  25 => 11251,
  26 => 1,
  27 => 1,
  28 => 1,
  29 => 1,
  30 => 1,
  31 => 1,
  33 => 1,
  34 => 1,
  36 => 1,
  37 => 1,
  38 => 1,
  40 => 1,
  41 => 1,
  42 => 2,
  43 => 1,
  44 => 1,
  46 => 1,
  49 => 1,
  52 => 1,
  53 => 1,
  54 => 1,
  56 => 1,
  57 => 1,
  58 => 1,
  59 => 1,
  60 => 2,
  62 => 1,
  63 => 1,
  64 => 1,
  65 => 1,
  66 => 5,
  70 => 1,
  71 => 1,
  73 => 1,
  75 => 1,
  76 => 1,
  77 => 1,
  78 => 1,
  80 => 1,
  81 => 1,
  82 => 1,
  83 => 1,
  84 => 1,
  85 => 1,
  86 => 1,
  87 => 1,
  88 => 2,
  89 => 1,
  90 => 1,
  91 => 2,
  92 => 1,
  93 => 1,
  94 => 1,
  95 => 1,
  96 => 1,
  97 => 1,
  98 => 1,
  99 => 1,
  100 => 1,
  102 => 1,
  103 => 1,
  105 => 1,
  106 => 2,
  107 => 1,
  108 => 1,
  109 => 1,
  112 => 1,
  116 => 1,
  119 => 1,
  122 => 1,
  125 => 1,
  126 => 1,
  127 => 1,
  128 => 1,
  129 => 2,
  131 => 1,
  132 => 1,
  133 => 1,
  134 => 1,
  135 => 1,
  136 => 1,
  137 => 1,
  138 => 1,
  139 => 1,
  140 => 1,
  142 => 1,
  143 => 1,
  144 => 1,
  146 => 1,
  150 => 1,
  151 => 1,
  153 => 1,
  154 => 1,
  155 => 1,
  156 => 1,
  157 => 1,
  158 => 1,
  160 => 1,
  161 => 1,
  162 => 1,
  163 => 1,
  164 => 1,
  165 => 1,
  166 => 1,
  167 => 1,
  168 => 1,
  170 => 1,
  171 => 1,
  173 => 1,
  174 => 1,
  175 => 1,
  176 => 1,
  178 => 1,
  179 => 1,
  180 => 1,
  181 => 1,
  182 => 1,
  183 => 1,
  184 => 1,
  186 => 1,
  187 => 1,
  188 => 2,
  189 => 1,
  190 => 1,
  191 => 1,
  192 => 1,
  193 => 1,
  195 => 1,
  196 => 1,
  197 => 1,
  199 => 1,
  200 => 1,
  203 => 1,
  204 => 1,
  205 => 1,
  206 => 1,
  207 => 1,
  210 => 1,
  211 => 1,
  212 => 1,
  213 => 1,
  216 => 1,
  217 => 1,
  218 => 1,
  221 => 1,
  222 => 1,
  223 => 1,
  224 => 1,
  225 => 1,
  227 => 1,
  228 => 1,
  231 => 1,
  232 => 1,
  234 => 1,
  235 => 1,
  236 => 1,
  239 => 1,
  240 => 1,
  241 => 1,
  243 => 1,
  244 => 1,
  245 => 1,
  246 => 1,
  247 => 1,
  249 => 1,
  250 => 1,
  251 => 1,
  253 => 1,
  254 => 1,
  255 => 1,
  256 => 1,
  257 => 1,
  258 => 1,
  259 => 1,
  260 => 1,
  263 => 1,
)  
[2024-01-09 15:11:11] local.INFO: array (
  1 => 11079,
  2 => 11177,
  3 => 11004,
  4 => 11266,
  5 => 10864,
  6 => 11140,
  7 => 11302,
  8 => 11034,
  9 => 11176,
  10 => 10897,
  11 => 11043,
  12 => 11051,
  13 => 11109,
  14 => 11143,
  15 => 11193,
  16 => 11052,
  17 => 11198,
  18 => 10972,
  19 => 11204,
  20 => 11137,
  21 => 11064,
  22 => 11073,
  23 => 10991,
  24 => 11038,
  25 => 11251,
  26 => 1,
  27 => 1,
  28 => 1,
  29 => 1,
  30 => 1,
  31 => 1,
  33 => 1,
  34 => 1,
  36 => 1,
  37 => 1,
  38 => 1,
  40 => 1,
  41 => 1,
  42 => 2,
  43 => 1,
  44 => 1,
  46 => 1,
  49 => 1,
  52 => 1,
  53 => 1,
  54 => 1,
  56 => 1,
  57 => 1,
  58 => 1,
  59 => 1,
  60 => 2,
  62 => 1,
  63 => 1,
  64 => 1,
  65 => 1,
  66 => 5,
  70 => 1,
  71 => 1,
  73 => 1,
  75 => 1,
  76 => 1,
  77 => 1,
  78 => 1,
  80 => 1,
  81 => 1,
  82 => 1,
  83 => 1,
  84 => 1,
  85 => 1,
  86 => 1,
  87 => 1,
  88 => 2,
  89 => 1,
  90 => 1,
  91 => 2,
  92 => 1,
  93 => 1,
  94 => 1,
  95 => 1,
  96 => 1,
  97 => 1,
  98 => 1,
  99 => 1,
  100 => 1,
  102 => 1,
  103 => 1,
  105 => 1,
  106 => 2,
  107 => 1,
  108 => 1,
  109 => 1,
  112 => 1,
  116 => 1,
  119 => 1,
  122 => 1,
  125 => 1,
  126 => 1,
  127 => 1,
  128 => 1,
  129 => 2,
  131 => 1,
  132 => 1,
  133 => 1,
  134 => 1,
  135 => 1,
  136 => 1,
  137 => 1,
  138 => 1,
  139 => 1,
  140 => 1,
  142 => 1,
  143 => 1,
  144 => 1,
  146 => 1,
  150 => 1,
  151 => 1,
  153 => 1,
  154 => 1,
  155 => 1,
  156 => 1,
  157 => 1,
  158 => 1,
  160 => 1,
  161 => 1,
  162 => 1,
  163 => 1,
  164 => 1,
  165 => 1,
  166 => 1,
  167 => 1,
  168 => 1,
  170 => 1,
  171 => 1,
  173 => 1,
  174 => 1,
  175 => 1,
  176 => 1,
  178 => 1,
  179 => 1,
  180 => 1,
  181 => 1,
  182 => 1,
  183 => 1,
  184 => 1,
  186 => 1,
  187 => 1,
  188 => 2,
  189 => 1,
  190 => 1,
  191 => 1,
  192 => 1,
  193 => 1,
  195 => 1,
  196 => 1,
  197 => 1,
  199 => 1,
  200 => 1,
  203 => 1,
  204 => 1,
  205 => 1,
  206 => 1,
  207 => 1,
  210 => 1,
  211 => 1,
  212 => 1,
  213 => 1,
  216 => 1,
  217 => 1,
  218 => 1,
  221 => 1,
  222 => 1,
  223 => 1,
  224 => 1,
  225 => 1,
  227 => 1,
  228 => 1,
  231 => 1,
  232 => 1,
  234 => 1,
  235 => 1,
  236 => 1,
  239 => 1,
  240 => 1,
  241 => 1,
  243 => 1,
  244 => 1,
  245 => 1,
  246 => 1,
  247 => 1,
  249 => 1,
  250 => 1,
  251 => 1,
  253 => 1,
  254 => 1,
  255 => 1,
  256 => 1,
  257 => 1,
  258 => 1,
  259 => 1,
  260 => 1,
  263 => 1,
)  
