[2024-01-08 12:11:27] local.ERROR: ErrorException: Attempt to read property "name" on null in /var/www/html/Dharecruit/app/Http/Controllers/Admin/BDMSubmissionController.php:263
Stack trace:
#0 /var/www/html/Dharecruit/app/Http/Controllers/Admin/BDMSubmissionController.php(263): Illuminate\Foundation\Bootstrap\HandleExceptions->handleError()
#1 /var/www/html/Dharecruit/vendor/laravel/framework/src/Illuminate/Container/BoundMethod.php(36): App\Http\Controllers\Admin\BDMSubmissionController->App\Http\Controllers\Admin\{closure}()
#2 /var/www/html/Dharecruit/vendor/laravel/framework/src/Illuminate/Container/Util.php(40): Illuminate\Container\BoundMethod::Illuminate\Container\{closure}()
#3 /var/www/html/Dharecruit/vendor/laravel/framework/src/Illuminate/Container/BoundMethod.php(81): Illuminate\Container\Util::unwrapIfClosure()
#4 /var/www/html/Dharecruit/vendor/laravel/framework/src/Illuminate/Container/BoundMethod.php(37): Illuminate\Container\BoundMethod::callBoundMethod()
#5 /var/www/html/Dharecruit/vendor/laravel/framework/src/Illuminate/Container/Container.php(653): Illuminate\Container\BoundMethod::call()
#6 /var/www/html/Dharecruit/vendor/yajra/laravel-datatables-oracle/src/Utilities/Helper.php(71): Illuminate\Container\Container->call()
#7 /var/www/html/Dharecruit/vendor/yajra/laravel-datatables-oracle/src/Processors/DataProcessor.php(137): Yajra\DataTables\Utilities\Helper::compileContent()
#8 /var/www/html/Dharecruit/vendor/yajra/laravel-datatables-oracle/src/Processors/DataProcessor.php(106): Yajra\DataTables\Processors\DataProcessor->addColumns()
#9 /var/www/html/Dharecruit/vendor/yajra/laravel-datatables-oracle/src/DataTableAbstract.php(806): Yajra\DataTables\Processors\DataProcessor->process()
#10 /var/www/html/Dharecruit/vendor/yajra/laravel-datatables-oracle/src/QueryDataTable.php(102): Yajra\DataTables\DataTableAbstract->processResults()
#11 /var/www/html/Dharecruit/app/Http/Controllers/Admin/BDMSubmissionController.php(421): Yajra\DataTables\QueryDataTable->make()
#12 /var/www/html/Dharecruit/vendor/laravel/framework/src/Illuminate/Routing/Controller.php(54): App\Http\Controllers\Admin\BDMSubmissionController->index()
#13 /var/www/html/Dharecruit/vendor/laravel/framework/src/Illuminate/Routing/ControllerDispatcher.php(45): Illuminate\Routing\Controller->callAction()
#14 /var/www/html/Dharecruit/vendor/laravel/framework/src/Illuminate/Routing/Route.php(262): Illuminate\Routing\ControllerDispatcher->dispatch()
#15 /var/www/html/Dharecruit/vendor/laravel/framework/src/Illuminate/Routing/Route.php(205): Illuminate\Routing\Route->runController()
#16 /var/www/html/Dharecruit/vendor/laravel/framework/src/Illuminate/Routing/Router.php(721): Illuminate\Routing\Route->run()
#17 /var/www/html/Dharecruit/vendor/laravel/framework/src/Illuminate/Pipeline/Pipeline.php(128): Illuminate\Routing\Router->Illuminate\Routing\{closure}()
#18 /var/www/html/Dharecruit/app/Http/Middleware/AccessRight.php(17): Illuminate\Pipeline\Pipeline->Illuminate\Pipeline\{closure}()
#19 /var/www/html/Dharecruit/vendor/laravel/framework/src/Illuminate/Pipeline/Pipeline.php(167): App\Http\Middleware\AccessRight->handle()
#20 /var/www/html/Dharecruit/vendor/laravel/framework/src/Illuminate/Routing/Middleware/SubstituteBindings.php(50): Illuminate\Pipeline\Pipeline->Illuminate\Pipeline\{closure}()
#21 /var/www/html/Dharecruit/vendor/laravel/framework/src/Illuminate/Pipeline/Pipeline.php(167): Illuminate\Routing\Middleware\SubstituteBindings->handle()
#22 /var/www/html/Dharecruit/vendor/laravel/framework/src/Illuminate/Auth/Middleware/Authenticate.php(44): Illuminate\Pipeline\Pipeline->Illuminate\Pipeline\{closure}()
#23 /var/www/html/Dharecruit/vendor/laravel/framework/src/Illuminate/Pipeline/Pipeline.php(167): Illuminate\Auth\Middleware\Authenticate->handle()
#24 /var/www/html/Dharecruit/vendor/laravel/framework/src/Illuminate/Auth/Middleware/Authenticate.php(44): Illuminate\Pipeline\Pipeline->Illuminate\Pipeline\{closure}()
#25 /var/www/html/Dharecruit/vendor/laravel/framework/src/Illuminate/Pipeline/Pipeline.php(167): Illuminate\Auth\Middleware\Authenticate->handle()
#26 /var/www/html/Dharecruit/vendor/laravel/framework/src/Illuminate/Foundation/Http/Middleware/VerifyCsrfToken.php(78): Illuminate\Pipeline\Pipeline->Illuminate\Pipeline\{closure}()
#27 /var/www/html/Dharecruit/vendor/laravel/framework/src/Illuminate/Pipeline/Pipeline.php(167): Illuminate\Foundation\Http\Middleware\VerifyCsrfToken->handle()
#28 /var/www/html/Dharecruit/vendor/laravel/framework/src/Illuminate/View/Middleware/ShareErrorsFromSession.php(49): Illuminate\Pipeline\Pipeline->Illuminate\Pipeline\{closure}()
#29 /var/www/html/Dharecruit/vendor/laravel/framework/src/Illuminate/Pipeline/Pipeline.php(167): Illuminate\View\Middleware\ShareErrorsFromSession->handle()
#30 /var/www/html/Dharecruit/vendor/laravel/framework/src/Illuminate/Session/Middleware/StartSession.php(121): Illuminate\Pipeline\Pipeline->Illuminate\Pipeline\{closure}()
#31 /var/www/html/Dharecruit/vendor/laravel/framework/src/Illuminate/Session/Middleware/StartSession.php(64): Illuminate\Session\Middleware\StartSession->handleStatefulRequest()
#32 /var/www/html/Dharecruit/vendor/laravel/framework/src/Illuminate/Pipeline/Pipeline.php(167): Illuminate\Session\Middleware\StartSession->handle()
#33 /var/www/html/Dharecruit/vendor/laravel/framework/src/Illuminate/Cookie/Middleware/AddQueuedCookiesToResponse.php(37): Illuminate\Pipeline\Pipeline->Illuminate\Pipeline\{closure}()
#34 /var/www/html/Dharecruit/vendor/laravel/framework/src/Illuminate/Pipeline/Pipeline.php(167): Illuminate\Cookie\Middleware\AddQueuedCookiesToResponse->handle()
#35 /var/www/html/Dharecruit/vendor/laravel/framework/src/Illuminate/Cookie/Middleware/EncryptCookies.php(67): Illuminate\Pipeline\Pipeline->Illuminate\Pipeline\{closure}()
#36 /var/www/html/Dharecruit/vendor/laravel/framework/src/Illuminate/Pipeline/Pipeline.php(167): Illuminate\Cookie\Middleware\EncryptCookies->handle()
#37 /var/www/html/Dharecruit/vendor/laravel/framework/src/Illuminate/Pipeline/Pipeline.php(103): Illuminate\Pipeline\Pipeline->Illuminate\Pipeline\{closure}()
#38 /var/www/html/Dharecruit/vendor/laravel/framework/src/Illuminate/Routing/Router.php(723): Illuminate\Pipeline\Pipeline->then()
#39 /var/www/html/Dharecruit/vendor/laravel/framework/src/Illuminate/Routing/Router.php(698): Illuminate\Routing\Router->runRouteWithinStack()
#40 /var/www/html/Dharecruit/vendor/laravel/framework/src/Illuminate/Routing/Router.php(662): Illuminate\Routing\Router->runRoute()
#41 /var/www/html/Dharecruit/vendor/laravel/framework/src/Illuminate/Routing/Router.php(651): Illuminate\Routing\Router->dispatchToRoute()
#42 /var/www/html/Dharecruit/vendor/laravel/framework/src/Illuminate/Foundation/Http/Kernel.php(167): Illuminate\Routing\Router->dispatch()
#43 /var/www/html/Dharecruit/vendor/laravel/framework/src/Illuminate/Pipeline/Pipeline.php(128): Illuminate\Foundation\Http\Kernel->Illuminate\Foundation\Http\{closure}()
#44 /var/www/html/Dharecruit/vendor/laravel/framework/src/Illuminate/Foundation/Http/Middleware/TransformsRequest.php(21): Illuminate\Pipeline\Pipeline->Illuminate\Pipeline\{closure}()
#45 /var/www/html/Dharecruit/vendor/laravel/framework/src/Illuminate/Foundation/Http/Middleware/ConvertEmptyStringsToNull.php(31): Illuminate\Foundation\Http\Middleware\TransformsRequest->handle()
#46 /var/www/html/Dharecruit/vendor/laravel/framework/src/Illuminate/Pipeline/Pipeline.php(167): Illuminate\Foundation\Http\Middleware\ConvertEmptyStringsToNull->handle()
#47 /var/www/html/Dharecruit/vendor/laravel/framework/src/Illuminate/Foundation/Http/Middleware/TransformsRequest.php(21): Illuminate\Pipeline\Pipeline->Illuminate\Pipeline\{closure}()
#48 /var/www/html/Dharecruit/vendor/laravel/framework/src/Illuminate/Foundation/Http/Middleware/TrimStrings.php(40): Illuminate\Foundation\Http\Middleware\TransformsRequest->handle()
#49 /var/www/html/Dharecruit/vendor/laravel/framework/src/Illuminate/Pipeline/Pipeline.php(167): Illuminate\Foundation\Http\Middleware\TrimStrings->handle()
#50 /var/www/html/Dharecruit/vendor/laravel/framework/src/Illuminate/Foundation/Http/Middleware/ValidatePostSize.php(27): Illuminate\Pipeline\Pipeline->Illuminate\Pipeline\{closure}()
#51 /var/www/html/Dharecruit/vendor/laravel/framework/src/Illuminate/Pipeline/Pipeline.php(167): Illuminate\Foundation\Http\Middleware\ValidatePostSize->handle()
#52 /var/www/html/Dharecruit/vendor/laravel/framework/src/Illuminate/Foundation/Http/Middleware/PreventRequestsDuringMaintenance.php(86): Illuminate\Pipeline\Pipeline->Illuminate\Pipeline\{closure}()
#53 /var/www/html/Dharecruit/vendor/laravel/framework/src/Illuminate/Pipeline/Pipeline.php(167): Illuminate\Foundation\Http\Middleware\PreventRequestsDuringMaintenance->handle()
#54 /var/www/html/Dharecruit/vendor/fruitcake/laravel-cors/src/HandleCors.php(38): Illuminate\Pipeline\Pipeline->Illuminate\Pipeline\{closure}()
#55 /var/www/html/Dharecruit/vendor/laravel/framework/src/Illuminate/Pipeline/Pipeline.php(167): Fruitcake\Cors\HandleCors->handle()
#56 /var/www/html/Dharecruit/vendor/laravel/framework/src/Illuminate/Http/Middleware/TrustProxies.php(39): Illuminate\Pipeline\Pipeline->Illuminate\Pipeline\{closure}()
#57 /var/www/html/Dharecruit/vendor/laravel/framework/src/Illuminate/Pipeline/Pipeline.php(167): Illuminate\Http\Middleware\TrustProxies->handle()
#58 /var/www/html/Dharecruit/vendor/laravel/framework/src/Illuminate/Pipeline/Pipeline.php(103): Illuminate\Pipeline\Pipeline->Illuminate\Pipeline\{closure}()
#59 /var/www/html/Dharecruit/vendor/laravel/framework/src/Illuminate/Foundation/Http/Kernel.php(142): Illuminate\Pipeline\Pipeline->then()
#60 /var/www/html/Dharecruit/vendor/laravel/framework/src/Illuminate/Foundation/Http/Kernel.php(111): Illuminate\Foundation\Http\Kernel->sendRequestThroughRouter()
#61 /var/www/html/Dharecruit/public/index.php(52): Illuminate\Foundation\Http\Kernel->handle()
#62 /var/www/html/Dharecruit/server.php(21): require_once('...')
#63 {main}  
[2024-01-08 12:12:20] local.INFO: 10717196  
[2024-01-08 12:12:20] local.ERROR: ErrorException: Attempt to read property "name" on null in /var/www/html/Dharecruit/app/Http/Controllers/Admin/BDMSubmissionController.php:264
Stack trace:
#0 /var/www/html/Dharecruit/app/Http/Controllers/Admin/BDMSubmissionController.php(264): Illuminate\Foundation\Bootstrap\HandleExceptions->handleError()
#1 /var/www/html/Dharecruit/vendor/laravel/framework/src/Illuminate/Container/BoundMethod.php(36): App\Http\Controllers\Admin\BDMSubmissionController->App\Http\Controllers\Admin\{closure}()
#2 /var/www/html/Dharecruit/vendor/laravel/framework/src/Illuminate/Container/Util.php(40): Illuminate\Container\BoundMethod::Illuminate\Container\{closure}()
#3 /var/www/html/Dharecruit/vendor/laravel/framework/src/Illuminate/Container/BoundMethod.php(81): Illuminate\Container\Util::unwrapIfClosure()
#4 /var/www/html/Dharecruit/vendor/laravel/framework/src/Illuminate/Container/BoundMethod.php(37): Illuminate\Container\BoundMethod::callBoundMethod()
#5 /var/www/html/Dharecruit/vendor/laravel/framework/src/Illuminate/Container/Container.php(653): Illuminate\Container\BoundMethod::call()
#6 /var/www/html/Dharecruit/vendor/yajra/laravel-datatables-oracle/src/Utilities/Helper.php(71): Illuminate\Container\Container->call()
#7 /var/www/html/Dharecruit/vendor/yajra/laravel-datatables-oracle/src/Processors/DataProcessor.php(137): Yajra\DataTables\Utilities\Helper::compileContent()
#8 /var/www/html/Dharecruit/vendor/yajra/laravel-datatables-oracle/src/Processors/DataProcessor.php(106): Yajra\DataTables\Processors\DataProcessor->addColumns()
#9 /var/www/html/Dharecruit/vendor/yajra/laravel-datatables-oracle/src/DataTableAbstract.php(806): Yajra\DataTables\Processors\DataProcessor->process()
#10 /var/www/html/Dharecruit/vendor/yajra/laravel-datatables-oracle/src/QueryDataTable.php(102): Yajra\DataTables\DataTableAbstract->processResults()
#11 /var/www/html/Dharecruit/app/Http/Controllers/Admin/BDMSubmissionController.php(422): Yajra\DataTables\QueryDataTable->make()
#12 /var/www/html/Dharecruit/vendor/laravel/framework/src/Illuminate/Routing/Controller.php(54): App\Http\Controllers\Admin\BDMSubmissionController->index()
#13 /var/www/html/Dharecruit/vendor/laravel/framework/src/Illuminate/Routing/ControllerDispatcher.php(45): Illuminate\Routing\Controller->callAction()
#14 /var/www/html/Dharecruit/vendor/laravel/framework/src/Illuminate/Routing/Route.php(262): Illuminate\Routing\ControllerDispatcher->dispatch()
#15 /var/www/html/Dharecruit/vendor/laravel/framework/src/Illuminate/Routing/Route.php(205): Illuminate\Routing\Route->runController()
#16 /var/www/html/Dharecruit/vendor/laravel/framework/src/Illuminate/Routing/Router.php(721): Illuminate\Routing\Route->run()
#17 /var/www/html/Dharecruit/vendor/laravel/framework/src/Illuminate/Pipeline/Pipeline.php(128): Illuminate\Routing\Router->Illuminate\Routing\{closure}()
#18 /var/www/html/Dharecruit/app/Http/Middleware/AccessRight.php(17): Illuminate\Pipeline\Pipeline->Illuminate\Pipeline\{closure}()
#19 /var/www/html/Dharecruit/vendor/laravel/framework/src/Illuminate/Pipeline/Pipeline.php(167): App\Http\Middleware\AccessRight->handle()
#20 /var/www/html/Dharecruit/vendor/laravel/framework/src/Illuminate/Routing/Middleware/SubstituteBindings.php(50): Illuminate\Pipeline\Pipeline->Illuminate\Pipeline\{closure}()
#21 /var/www/html/Dharecruit/vendor/laravel/framework/src/Illuminate/Pipeline/Pipeline.php(167): Illuminate\Routing\Middleware\SubstituteBindings->handle()
#22 /var/www/html/Dharecruit/vendor/laravel/framework/src/Illuminate/Auth/Middleware/Authenticate.php(44): Illuminate\Pipeline\Pipeline->Illuminate\Pipeline\{closure}()
#23 /var/www/html/Dharecruit/vendor/laravel/framework/src/Illuminate/Pipeline/Pipeline.php(167): Illuminate\Auth\Middleware\Authenticate->handle()
#24 /var/www/html/Dharecruit/vendor/laravel/framework/src/Illuminate/Auth/Middleware/Authenticate.php(44): Illuminate\Pipeline\Pipeline->Illuminate\Pipeline\{closure}()
#25 /var/www/html/Dharecruit/vendor/laravel/framework/src/Illuminate/Pipeline/Pipeline.php(167): Illuminate\Auth\Middleware\Authenticate->handle()
#26 /var/www/html/Dharecruit/vendor/laravel/framework/src/Illuminate/Foundation/Http/Middleware/VerifyCsrfToken.php(78): Illuminate\Pipeline\Pipeline->Illuminate\Pipeline\{closure}()
#27 /var/www/html/Dharecruit/vendor/laravel/framework/src/Illuminate/Pipeline/Pipeline.php(167): Illuminate\Foundation\Http\Middleware\VerifyCsrfToken->handle()
#28 /var/www/html/Dharecruit/vendor/laravel/framework/src/Illuminate/View/Middleware/ShareErrorsFromSession.php(49): Illuminate\Pipeline\Pipeline->Illuminate\Pipeline\{closure}()
#29 /var/www/html/Dharecruit/vendor/laravel/framework/src/Illuminate/Pipeline/Pipeline.php(167): Illuminate\View\Middleware\ShareErrorsFromSession->handle()
#30 /var/www/html/Dharecruit/vendor/laravel/framework/src/Illuminate/Session/Middleware/StartSession.php(121): Illuminate\Pipeline\Pipeline->Illuminate\Pipeline\{closure}()
#31 /var/www/html/Dharecruit/vendor/laravel/framework/src/Illuminate/Session/Middleware/StartSession.php(64): Illuminate\Session\Middleware\StartSession->handleStatefulRequest()
#32 /var/www/html/Dharecruit/vendor/laravel/framework/src/Illuminate/Pipeline/Pipeline.php(167): Illuminate\Session\Middleware\StartSession->handle()
#33 /var/www/html/Dharecruit/vendor/laravel/framework/src/Illuminate/Cookie/Middleware/AddQueuedCookiesToResponse.php(37): Illuminate\Pipeline\Pipeline->Illuminate\Pipeline\{closure}()
#34 /var/www/html/Dharecruit/vendor/laravel/framework/src/Illuminate/Pipeline/Pipeline.php(167): Illuminate\Cookie\Middleware\AddQueuedCookiesToResponse->handle()
#35 /var/www/html/Dharecruit/vendor/laravel/framework/src/Illuminate/Cookie/Middleware/EncryptCookies.php(67): Illuminate\Pipeline\Pipeline->Illuminate\Pipeline\{closure}()
#36 /var/www/html/Dharecruit/vendor/laravel/framework/src/Illuminate/Pipeline/Pipeline.php(167): Illuminate\Cookie\Middleware\EncryptCookies->handle()
#37 /var/www/html/Dharecruit/vendor/laravel/framework/src/Illuminate/Pipeline/Pipeline.php(103): Illuminate\Pipeline\Pipeline->Illuminate\Pipeline\{closure}()
#38 /var/www/html/Dharecruit/vendor/laravel/framework/src/Illuminate/Routing/Router.php(723): Illuminate\Pipeline\Pipeline->then()
#39 /var/www/html/Dharecruit/vendor/laravel/framework/src/Illuminate/Routing/Router.php(698): Illuminate\Routing\Router->runRouteWithinStack()
#40 /var/www/html/Dharecruit/vendor/laravel/framework/src/Illuminate/Routing/Router.php(662): Illuminate\Routing\Router->runRoute()
#41 /var/www/html/Dharecruit/vendor/laravel/framework/src/Illuminate/Routing/Router.php(651): Illuminate\Routing\Router->dispatchToRoute()
#42 /var/www/html/Dharecruit/vendor/laravel/framework/src/Illuminate/Foundation/Http/Kernel.php(167): Illuminate\Routing\Router->dispatch()
#43 /var/www/html/Dharecruit/vendor/laravel/framework/src/Illuminate/Pipeline/Pipeline.php(128): Illuminate\Foundation\Http\Kernel->Illuminate\Foundation\Http\{closure}()
#44 /var/www/html/Dharecruit/vendor/laravel/framework/src/Illuminate/Foundation/Http/Middleware/TransformsRequest.php(21): Illuminate\Pipeline\Pipeline->Illuminate\Pipeline\{closure}()
#45 /var/www/html/Dharecruit/vendor/laravel/framework/src/Illuminate/Foundation/Http/Middleware/ConvertEmptyStringsToNull.php(31): Illuminate\Foundation\Http\Middleware\TransformsRequest->handle()
#46 /var/www/html/Dharecruit/vendor/laravel/framework/src/Illuminate/Pipeline/Pipeline.php(167): Illuminate\Foundation\Http\Middleware\ConvertEmptyStringsToNull->handle()
#47 /var/www/html/Dharecruit/vendor/laravel/framework/src/Illuminate/Foundation/Http/Middleware/TransformsRequest.php(21): Illuminate\Pipeline\Pipeline->Illuminate\Pipeline\{closure}()
#48 /var/www/html/Dharecruit/vendor/laravel/framework/src/Illuminate/Foundation/Http/Middleware/TrimStrings.php(40): Illuminate\Foundation\Http\Middleware\TransformsRequest->handle()
#49 /var/www/html/Dharecruit/vendor/laravel/framework/src/Illuminate/Pipeline/Pipeline.php(167): Illuminate\Foundation\Http\Middleware\TrimStrings->handle()
#50 /var/www/html/Dharecruit/vendor/laravel/framework/src/Illuminate/Foundation/Http/Middleware/ValidatePostSize.php(27): Illuminate\Pipeline\Pipeline->Illuminate\Pipeline\{closure}()
#51 /var/www/html/Dharecruit/vendor/laravel/framework/src/Illuminate/Pipeline/Pipeline.php(167): Illuminate\Foundation\Http\Middleware\ValidatePostSize->handle()
#52 /var/www/html/Dharecruit/vendor/laravel/framework/src/Illuminate/Foundation/Http/Middleware/PreventRequestsDuringMaintenance.php(86): Illuminate\Pipeline\Pipeline->Illuminate\Pipeline\{closure}()
#53 /var/www/html/Dharecruit/vendor/laravel/framework/src/Illuminate/Pipeline/Pipeline.php(167): Illuminate\Foundation\Http\Middleware\PreventRequestsDuringMaintenance->handle()
#54 /var/www/html/Dharecruit/vendor/fruitcake/laravel-cors/src/HandleCors.php(38): Illuminate\Pipeline\Pipeline->Illuminate\Pipeline\{closure}()
#55 /var/www/html/Dharecruit/vendor/laravel/framework/src/Illuminate/Pipeline/Pipeline.php(167): Fruitcake\Cors\HandleCors->handle()
#56 /var/www/html/Dharecruit/vendor/laravel/framework/src/Illuminate/Http/Middleware/TrustProxies.php(39): Illuminate\Pipeline\Pipeline->Illuminate\Pipeline\{closure}()
#57 /var/www/html/Dharecruit/vendor/laravel/framework/src/Illuminate/Pipeline/Pipeline.php(167): Illuminate\Http\Middleware\TrustProxies->handle()
#58 /var/www/html/Dharecruit/vendor/laravel/framework/src/Illuminate/Pipeline/Pipeline.php(103): Illuminate\Pipeline\Pipeline->Illuminate\Pipeline\{closure}()
#59 /var/www/html/Dharecruit/vendor/laravel/framework/src/Illuminate/Foundation/Http/Kernel.php(142): Illuminate\Pipeline\Pipeline->then()
#60 /var/www/html/Dharecruit/vendor/laravel/framework/src/Illuminate/Foundation/Http/Kernel.php(111): Illuminate\Foundation\Http\Kernel->sendRequestThroughRouter()
#61 /var/www/html/Dharecruit/public/index.php(52): Illuminate\Foundation\Http\Kernel->handle()
#62 /var/www/html/Dharecruit/server.php(21): require_once('...')
#63 {main}  
[2024-01-08 12:16:08] local.INFO: 10717196  
[2024-01-08 12:16:19] local.INFO: 10717195  
[2024-01-08 12:16:25] local.INFO: 10717194  
[2024-01-08 12:16:30] local.INFO: 10717193  
[2024-01-08 12:16:30] local.ERROR: ErrorException: Attempt to read property "name" on null in /var/www/html/Dharecruit/app/Http/Controllers/Admin/BDMSubmissionController.php:267
Stack trace:
#0 /var/www/html/Dharecruit/app/Http/Controllers/Admin/BDMSubmissionController.php(267): Illuminate\Foundation\Bootstrap\HandleExceptions->handleError()
#1 /var/www/html/Dharecruit/vendor/laravel/framework/src/Illuminate/Container/BoundMethod.php(36): App\Http\Controllers\Admin\BDMSubmissionController->App\Http\Controllers\Admin\{closure}()
#2 /var/www/html/Dharecruit/vendor/laravel/framework/src/Illuminate/Container/Util.php(40): Illuminate\Container\BoundMethod::Illuminate\Container\{closure}()
#3 /var/www/html/Dharecruit/vendor/laravel/framework/src/Illuminate/Container/BoundMethod.php(81): Illuminate\Container\Util::unwrapIfClosure()
#4 /var/www/html/Dharecruit/vendor/laravel/framework/src/Illuminate/Container/BoundMethod.php(37): Illuminate\Container\BoundMethod::callBoundMethod()
#5 /var/www/html/Dharecruit/vendor/laravel/framework/src/Illuminate/Container/Container.php(653): Illuminate\Container\BoundMethod::call()
#6 /var/www/html/Dharecruit/vendor/yajra/laravel-datatables-oracle/src/Utilities/Helper.php(71): Illuminate\Container\Container->call()
#7 /var/www/html/Dharecruit/vendor/yajra/laravel-datatables-oracle/src/Processors/DataProcessor.php(137): Yajra\DataTables\Utilities\Helper::compileContent()
#8 /var/www/html/Dharecruit/vendor/yajra/laravel-datatables-oracle/src/Processors/DataProcessor.php(106): Yajra\DataTables\Processors\DataProcessor->addColumns()
#9 /var/www/html/Dharecruit/vendor/yajra/laravel-datatables-oracle/src/DataTableAbstract.php(806): Yajra\DataTables\Processors\DataProcessor->process()
#10 /var/www/html/Dharecruit/vendor/yajra/laravel-datatables-oracle/src/QueryDataTable.php(102): Yajra\DataTables\DataTableAbstract->processResults()
#11 /var/www/html/Dharecruit/app/Http/Controllers/Admin/BDMSubmissionController.php(422): Yajra\DataTables\QueryDataTable->make()
#12 /var/www/html/Dharecruit/vendor/laravel/framework/src/Illuminate/Routing/Controller.php(54): App\Http\Controllers\Admin\BDMSubmissionController->index()
#13 /var/www/html/Dharecruit/vendor/laravel/framework/src/Illuminate/Routing/ControllerDispatcher.php(45): Illuminate\Routing\Controller->callAction()
#14 /var/www/html/Dharecruit/vendor/laravel/framework/src/Illuminate/Routing/Route.php(262): Illuminate\Routing\ControllerDispatcher->dispatch()
#15 /var/www/html/Dharecruit/vendor/laravel/framework/src/Illuminate/Routing/Route.php(205): Illuminate\Routing\Route->runController()
#16 /var/www/html/Dharecruit/vendor/laravel/framework/src/Illuminate/Routing/Router.php(721): Illuminate\Routing\Route->run()
#17 /var/www/html/Dharecruit/vendor/laravel/framework/src/Illuminate/Pipeline/Pipeline.php(128): Illuminate\Routing\Router->Illuminate\Routing\{closure}()
#18 /var/www/html/Dharecruit/app/Http/Middleware/AccessRight.php(17): Illuminate\Pipeline\Pipeline->Illuminate\Pipeline\{closure}()
#19 /var/www/html/Dharecruit/vendor/laravel/framework/src/Illuminate/Pipeline/Pipeline.php(167): App\Http\Middleware\AccessRight->handle()
#20 /var/www/html/Dharecruit/vendor/laravel/framework/src/Illuminate/Routing/Middleware/SubstituteBindings.php(50): Illuminate\Pipeline\Pipeline->Illuminate\Pipeline\{closure}()
#21 /var/www/html/Dharecruit/vendor/laravel/framework/src/Illuminate/Pipeline/Pipeline.php(167): Illuminate\Routing\Middleware\SubstituteBindings->handle()
#22 /var/www/html/Dharecruit/vendor/laravel/framework/src/Illuminate/Auth/Middleware/Authenticate.php(44): Illuminate\Pipeline\Pipeline->Illuminate\Pipeline\{closure}()
#23 /var/www/html/Dharecruit/vendor/laravel/framework/src/Illuminate/Pipeline/Pipeline.php(167): Illuminate\Auth\Middleware\Authenticate->handle()
#24 /var/www/html/Dharecruit/vendor/laravel/framework/src/Illuminate/Auth/Middleware/Authenticate.php(44): Illuminate\Pipeline\Pipeline->Illuminate\Pipeline\{closure}()
#25 /var/www/html/Dharecruit/vendor/laravel/framework/src/Illuminate/Pipeline/Pipeline.php(167): Illuminate\Auth\Middleware\Authenticate->handle()
#26 /var/www/html/Dharecruit/vendor/laravel/framework/src/Illuminate/Foundation/Http/Middleware/VerifyCsrfToken.php(78): Illuminate\Pipeline\Pipeline->Illuminate\Pipeline\{closure}()
#27 /var/www/html/Dharecruit/vendor/laravel/framework/src/Illuminate/Pipeline/Pipeline.php(167): Illuminate\Foundation\Http\Middleware\VerifyCsrfToken->handle()
#28 /var/www/html/Dharecruit/vendor/laravel/framework/src/Illuminate/View/Middleware/ShareErrorsFromSession.php(49): Illuminate\Pipeline\Pipeline->Illuminate\Pipeline\{closure}()
#29 /var/www/html/Dharecruit/vendor/laravel/framework/src/Illuminate/Pipeline/Pipeline.php(167): Illuminate\View\Middleware\ShareErrorsFromSession->handle()
#30 /var/www/html/Dharecruit/vendor/laravel/framework/src/Illuminate/Session/Middleware/StartSession.php(121): Illuminate\Pipeline\Pipeline->Illuminate\Pipeline\{closure}()
#31 /var/www/html/Dharecruit/vendor/laravel/framework/src/Illuminate/Session/Middleware/StartSession.php(64): Illuminate\Session\Middleware\StartSession->handleStatefulRequest()
#32 /var/www/html/Dharecruit/vendor/laravel/framework/src/Illuminate/Pipeline/Pipeline.php(167): Illuminate\Session\Middleware\StartSession->handle()
#33 /var/www/html/Dharecruit/vendor/laravel/framework/src/Illuminate/Cookie/Middleware/AddQueuedCookiesToResponse.php(37): Illuminate\Pipeline\Pipeline->Illuminate\Pipeline\{closure}()
#34 /var/www/html/Dharecruit/vendor/laravel/framework/src/Illuminate/Pipeline/Pipeline.php(167): Illuminate\Cookie\Middleware\AddQueuedCookiesToResponse->handle()
#35 /var/www/html/Dharecruit/vendor/laravel/framework/src/Illuminate/Cookie/Middleware/EncryptCookies.php(67): Illuminate\Pipeline\Pipeline->Illuminate\Pipeline\{closure}()
#36 /var/www/html/Dharecruit/vendor/laravel/framework/src/Illuminate/Pipeline/Pipeline.php(167): Illuminate\Cookie\Middleware\EncryptCookies->handle()
#37 /var/www/html/Dharecruit/vendor/laravel/framework/src/Illuminate/Pipeline/Pipeline.php(103): Illuminate\Pipeline\Pipeline->Illuminate\Pipeline\{closure}()
#38 /var/www/html/Dharecruit/vendor/laravel/framework/src/Illuminate/Routing/Router.php(723): Illuminate\Pipeline\Pipeline->then()
#39 /var/www/html/Dharecruit/vendor/laravel/framework/src/Illuminate/Routing/Router.php(698): Illuminate\Routing\Router->runRouteWithinStack()
#40 /var/www/html/Dharecruit/vendor/laravel/framework/src/Illuminate/Routing/Router.php(662): Illuminate\Routing\Router->runRoute()
#41 /var/www/html/Dharecruit/vendor/laravel/framework/src/Illuminate/Routing/Router.php(651): Illuminate\Routing\Router->dispatchToRoute()
#42 /var/www/html/Dharecruit/vendor/laravel/framework/src/Illuminate/Foundation/Http/Kernel.php(167): Illuminate\Routing\Router->dispatch()
#43 /var/www/html/Dharecruit/vendor/laravel/framework/src/Illuminate/Pipeline/Pipeline.php(128): Illuminate\Foundation\Http\Kernel->Illuminate\Foundation\Http\{closure}()
#44 /var/www/html/Dharecruit/vendor/laravel/framework/src/Illuminate/Foundation/Http/Middleware/TransformsRequest.php(21): Illuminate\Pipeline\Pipeline->Illuminate\Pipeline\{closure}()
#45 /var/www/html/Dharecruit/vendor/laravel/framework/src/Illuminate/Foundation/Http/Middleware/ConvertEmptyStringsToNull.php(31): Illuminate\Foundation\Http\Middleware\TransformsRequest->handle()
#46 /var/www/html/Dharecruit/vendor/laravel/framework/src/Illuminate/Pipeline/Pipeline.php(167): Illuminate\Foundation\Http\Middleware\ConvertEmptyStringsToNull->handle()
#47 /var/www/html/Dharecruit/vendor/laravel/framework/src/Illuminate/Foundation/Http/Middleware/TransformsRequest.php(21): Illuminate\Pipeline\Pipeline->Illuminate\Pipeline\{closure}()
#48 /var/www/html/Dharecruit/vendor/laravel/framework/src/Illuminate/Foundation/Http/Middleware/TrimStrings.php(40): Illuminate\Foundation\Http\Middleware\TransformsRequest->handle()
#49 /var/www/html/Dharecruit/vendor/laravel/framework/src/Illuminate/Pipeline/Pipeline.php(167): Illuminate\Foundation\Http\Middleware\TrimStrings->handle()
#50 /var/www/html/Dharecruit/vendor/laravel/framework/src/Illuminate/Foundation/Http/Middleware/ValidatePostSize.php(27): Illuminate\Pipeline\Pipeline->Illuminate\Pipeline\{closure}()
#51 /var/www/html/Dharecruit/vendor/laravel/framework/src/Illuminate/Pipeline/Pipeline.php(167): Illuminate\Foundation\Http\Middleware\ValidatePostSize->handle()
#52 /var/www/html/Dharecruit/vendor/laravel/framework/src/Illuminate/Foundation/Http/Middleware/PreventRequestsDuringMaintenance.php(86): Illuminate\Pipeline\Pipeline->Illuminate\Pipeline\{closure}()
#53 /var/www/html/Dharecruit/vendor/laravel/framework/src/Illuminate/Pipeline/Pipeline.php(167): Illuminate\Foundation\Http\Middleware\PreventRequestsDuringMaintenance->handle()
#54 /var/www/html/Dharecruit/vendor/fruitcake/laravel-cors/src/HandleCors.php(38): Illuminate\Pipeline\Pipeline->Illuminate\Pipeline\{closure}()
#55 /var/www/html/Dharecruit/vendor/laravel/framework/src/Illuminate/Pipeline/Pipeline.php(167): Fruitcake\Cors\HandleCors->handle()
#56 /var/www/html/Dharecruit/vendor/laravel/framework/src/Illuminate/Http/Middleware/TrustProxies.php(39): Illuminate\Pipeline\Pipeline->Illuminate\Pipeline\{closure}()
#57 /var/www/html/Dharecruit/vendor/laravel/framework/src/Illuminate/Pipeline/Pipeline.php(167): Illuminate\Http\Middleware\TrustProxies->handle()
#58 /var/www/html/Dharecruit/vendor/laravel/framework/src/Illuminate/Pipeline/Pipeline.php(103): Illuminate\Pipeline\Pipeline->Illuminate\Pipeline\{closure}()
#59 /var/www/html/Dharecruit/vendor/laravel/framework/src/Illuminate/Foundation/Http/Kernel.php(142): Illuminate\Pipeline\Pipeline->then()
#60 /var/www/html/Dharecruit/vendor/laravel/framework/src/Illuminate/Foundation/Http/Kernel.php(111): Illuminate\Foundation\Http\Kernel->sendRequestThroughRouter()
#61 /var/www/html/Dharecruit/public/index.php(52): Illuminate\Foundation\Http\Kernel->handle()
#62 /var/www/html/Dharecruit/server.php(21): require_once('...')
#63 {main}  
[2024-01-08 12:29:17] local.INFO: 10717196  
[2024-01-08 12:29:23] local.INFO: 10717195  
[2024-01-08 12:29:29] local.INFO: 10717194  
[2024-01-08 12:29:34] local.INFO: 10717193  
[2024-01-08 12:29:40] local.INFO: 10717192  
[2024-01-08 12:29:45] local.INFO: 10717191  
[2024-01-08 12:29:51] local.INFO: 10717190  
[2024-01-08 12:29:56] local.INFO: 10717189  
[2024-01-08 12:30:01] local.INFO: 10717188  
[2024-01-08 12:30:07] local.INFO: 10717187  
[2024-01-08 12:30:12] local.INFO: 10717186  
[2024-01-08 12:30:12] local.ERROR: ErrorException: Attempt to read property "name" on null in /var/www/html/Dharecruit/app/Http/Controllers/Admin/BDMSubmissionController.php:264
Stack trace:
#0 /var/www/html/Dharecruit/app/Http/Controllers/Admin/BDMSubmissionController.php(264): Illuminate\Foundation\Bootstrap\HandleExceptions->handleError()
#1 /var/www/html/Dharecruit/vendor/laravel/framework/src/Illuminate/Container/BoundMethod.php(36): App\Http\Controllers\Admin\BDMSubmissionController->App\Http\Controllers\Admin\{closure}()
#2 /var/www/html/Dharecruit/vendor/laravel/framework/src/Illuminate/Container/Util.php(40): Illuminate\Container\BoundMethod::Illuminate\Container\{closure}()
#3 /var/www/html/Dharecruit/vendor/laravel/framework/src/Illuminate/Container/BoundMethod.php(81): Illuminate\Container\Util::unwrapIfClosure()
#4 /var/www/html/Dharecruit/vendor/laravel/framework/src/Illuminate/Container/BoundMethod.php(37): Illuminate\Container\BoundMethod::callBoundMethod()
#5 /var/www/html/Dharecruit/vendor/laravel/framework/src/Illuminate/Container/Container.php(653): Illuminate\Container\BoundMethod::call()
#6 /var/www/html/Dharecruit/vendor/yajra/laravel-datatables-oracle/src/Utilities/Helper.php(71): Illuminate\Container\Container->call()
#7 /var/www/html/Dharecruit/vendor/yajra/laravel-datatables-oracle/src/Processors/DataProcessor.php(137): Yajra\DataTables\Utilities\Helper::compileContent()
#8 /var/www/html/Dharecruit/vendor/yajra/laravel-datatables-oracle/src/Processors/DataProcessor.php(106): Yajra\DataTables\Processors\DataProcessor->addColumns()
#9 /var/www/html/Dharecruit/vendor/yajra/laravel-datatables-oracle/src/DataTableAbstract.php(806): Yajra\DataTables\Processors\DataProcessor->process()
#10 /var/www/html/Dharecruit/vendor/yajra/laravel-datatables-oracle/src/QueryDataTable.php(102): Yajra\DataTables\DataTableAbstract->processResults()
#11 /var/www/html/Dharecruit/app/Http/Controllers/Admin/BDMSubmissionController.php(422): Yajra\DataTables\QueryDataTable->make()
#12 /var/www/html/Dharecruit/vendor/laravel/framework/src/Illuminate/Routing/Controller.php(54): App\Http\Controllers\Admin\BDMSubmissionController->index()
#13 /var/www/html/Dharecruit/vendor/laravel/framework/src/Illuminate/Routing/ControllerDispatcher.php(45): Illuminate\Routing\Controller->callAction()
#14 /var/www/html/Dharecruit/vendor/laravel/framework/src/Illuminate/Routing/Route.php(262): Illuminate\Routing\ControllerDispatcher->dispatch()
#15 /var/www/html/Dharecruit/vendor/laravel/framework/src/Illuminate/Routing/Route.php(205): Illuminate\Routing\Route->runController()
#16 /var/www/html/Dharecruit/vendor/laravel/framework/src/Illuminate/Routing/Router.php(721): Illuminate\Routing\Route->run()
#17 /var/www/html/Dharecruit/vendor/laravel/framework/src/Illuminate/Pipeline/Pipeline.php(128): Illuminate\Routing\Router->Illuminate\Routing\{closure}()
#18 /var/www/html/Dharecruit/app/Http/Middleware/AccessRight.php(17): Illuminate\Pipeline\Pipeline->Illuminate\Pipeline\{closure}()
#19 /var/www/html/Dharecruit/vendor/laravel/framework/src/Illuminate/Pipeline/Pipeline.php(167): App\Http\Middleware\AccessRight->handle()
#20 /var/www/html/Dharecruit/vendor/laravel/framework/src/Illuminate/Routing/Middleware/SubstituteBindings.php(50): Illuminate\Pipeline\Pipeline->Illuminate\Pipeline\{closure}()
#21 /var/www/html/Dharecruit/vendor/laravel/framework/src/Illuminate/Pipeline/Pipeline.php(167): Illuminate\Routing\Middleware\SubstituteBindings->handle()
#22 /var/www/html/Dharecruit/vendor/laravel/framework/src/Illuminate/Auth/Middleware/Authenticate.php(44): Illuminate\Pipeline\Pipeline->Illuminate\Pipeline\{closure}()
#23 /var/www/html/Dharecruit/vendor/laravel/framework/src/Illuminate/Pipeline/Pipeline.php(167): Illuminate\Auth\Middleware\Authenticate->handle()
#24 /var/www/html/Dharecruit/vendor/laravel/framework/src/Illuminate/Auth/Middleware/Authenticate.php(44): Illuminate\Pipeline\Pipeline->Illuminate\Pipeline\{closure}()
#25 /var/www/html/Dharecruit/vendor/laravel/framework/src/Illuminate/Pipeline/Pipeline.php(167): Illuminate\Auth\Middleware\Authenticate->handle()
#26 /var/www/html/Dharecruit/vendor/laravel/framework/src/Illuminate/Foundation/Http/Middleware/VerifyCsrfToken.php(78): Illuminate\Pipeline\Pipeline->Illuminate\Pipeline\{closure}()
#27 /var/www/html/Dharecruit/vendor/laravel/framework/src/Illuminate/Pipeline/Pipeline.php(167): Illuminate\Foundation\Http\Middleware\VerifyCsrfToken->handle()
#28 /var/www/html/Dharecruit/vendor/laravel/framework/src/Illuminate/View/Middleware/ShareErrorsFromSession.php(49): Illuminate\Pipeline\Pipeline->Illuminate\Pipeline\{closure}()
#29 /var/www/html/Dharecruit/vendor/laravel/framework/src/Illuminate/Pipeline/Pipeline.php(167): Illuminate\View\Middleware\ShareErrorsFromSession->handle()
#30 /var/www/html/Dharecruit/vendor/laravel/framework/src/Illuminate/Session/Middleware/StartSession.php(121): Illuminate\Pipeline\Pipeline->Illuminate\Pipeline\{closure}()
#31 /var/www/html/Dharecruit/vendor/laravel/framework/src/Illuminate/Session/Middleware/StartSession.php(64): Illuminate\Session\Middleware\StartSession->handleStatefulRequest()
#32 /var/www/html/Dharecruit/vendor/laravel/framework/src/Illuminate/Pipeline/Pipeline.php(167): Illuminate\Session\Middleware\StartSession->handle()
#33 /var/www/html/Dharecruit/vendor/laravel/framework/src/Illuminate/Cookie/Middleware/AddQueuedCookiesToResponse.php(37): Illuminate\Pipeline\Pipeline->Illuminate\Pipeline\{closure}()
#34 /var/www/html/Dharecruit/vendor/laravel/framework/src/Illuminate/Pipeline/Pipeline.php(167): Illuminate\Cookie\Middleware\AddQueuedCookiesToResponse->handle()
#35 /var/www/html/Dharecruit/vendor/laravel/framework/src/Illuminate/Cookie/Middleware/EncryptCookies.php(67): Illuminate\Pipeline\Pipeline->Illuminate\Pipeline\{closure}()
#36 /var/www/html/Dharecruit/vendor/laravel/framework/src/Illuminate/Pipeline/Pipeline.php(167): Illuminate\Cookie\Middleware\EncryptCookies->handle()
#37 /var/www/html/Dharecruit/vendor/laravel/framework/src/Illuminate/Pipeline/Pipeline.php(103): Illuminate\Pipeline\Pipeline->Illuminate\Pipeline\{closure}()
#38 /var/www/html/Dharecruit/vendor/laravel/framework/src/Illuminate/Routing/Router.php(723): Illuminate\Pipeline\Pipeline->then()
#39 /var/www/html/Dharecruit/vendor/laravel/framework/src/Illuminate/Routing/Router.php(698): Illuminate\Routing\Router->runRouteWithinStack()
#40 /var/www/html/Dharecruit/vendor/laravel/framework/src/Illuminate/Routing/Router.php(662): Illuminate\Routing\Router->runRoute()
#41 /var/www/html/Dharecruit/vendor/laravel/framework/src/Illuminate/Routing/Router.php(651): Illuminate\Routing\Router->dispatchToRoute()
#42 /var/www/html/Dharecruit/vendor/laravel/framework/src/Illuminate/Foundation/Http/Kernel.php(167): Illuminate\Routing\Router->dispatch()
#43 /var/www/html/Dharecruit/vendor/laravel/framework/src/Illuminate/Pipeline/Pipeline.php(128): Illuminate\Foundation\Http\Kernel->Illuminate\Foundation\Http\{closure}()
#44 /var/www/html/Dharecruit/vendor/laravel/framework/src/Illuminate/Foundation/Http/Middleware/TransformsRequest.php(21): Illuminate\Pipeline\Pipeline->Illuminate\Pipeline\{closure}()
#45 /var/www/html/Dharecruit/vendor/laravel/framework/src/Illuminate/Foundation/Http/Middleware/ConvertEmptyStringsToNull.php(31): Illuminate\Foundation\Http\Middleware\TransformsRequest->handle()
#46 /var/www/html/Dharecruit/vendor/laravel/framework/src/Illuminate/Pipeline/Pipeline.php(167): Illuminate\Foundation\Http\Middleware\ConvertEmptyStringsToNull->handle()
#47 /var/www/html/Dharecruit/vendor/laravel/framework/src/Illuminate/Foundation/Http/Middleware/TransformsRequest.php(21): Illuminate\Pipeline\Pipeline->Illuminate\Pipeline\{closure}()
#48 /var/www/html/Dharecruit/vendor/laravel/framework/src/Illuminate/Foundation/Http/Middleware/TrimStrings.php(40): Illuminate\Foundation\Http\Middleware\TransformsRequest->handle()
#49 /var/www/html/Dharecruit/vendor/laravel/framework/src/Illuminate/Pipeline/Pipeline.php(167): Illuminate\Foundation\Http\Middleware\TrimStrings->handle()
#50 /var/www/html/Dharecruit/vendor/laravel/framework/src/Illuminate/Foundation/Http/Middleware/ValidatePostSize.php(27): Illuminate\Pipeline\Pipeline->Illuminate\Pipeline\{closure}()
#51 /var/www/html/Dharecruit/vendor/laravel/framework/src/Illuminate/Pipeline/Pipeline.php(167): Illuminate\Foundation\Http\Middleware\ValidatePostSize->handle()
#52 /var/www/html/Dharecruit/vendor/laravel/framework/src/Illuminate/Foundation/Http/Middleware/PreventRequestsDuringMaintenance.php(86): Illuminate\Pipeline\Pipeline->Illuminate\Pipeline\{closure}()
#53 /var/www/html/Dharecruit/vendor/laravel/framework/src/Illuminate/Pipeline/Pipeline.php(167): Illuminate\Foundation\Http\Middleware\PreventRequestsDuringMaintenance->handle()
#54 /var/www/html/Dharecruit/vendor/fruitcake/laravel-cors/src/HandleCors.php(38): Illuminate\Pipeline\Pipeline->Illuminate\Pipeline\{closure}()
#55 /var/www/html/Dharecruit/vendor/laravel/framework/src/Illuminate/Pipeline/Pipeline.php(167): Fruitcake\Cors\HandleCors->handle()
#56 /var/www/html/Dharecruit/vendor/laravel/framework/src/Illuminate/Http/Middleware/TrustProxies.php(39): Illuminate\Pipeline\Pipeline->Illuminate\Pipeline\{closure}()
#57 /var/www/html/Dharecruit/vendor/laravel/framework/src/Illuminate/Pipeline/Pipeline.php(167): Illuminate\Http\Middleware\TrustProxies->handle()
#58 /var/www/html/Dharecruit/vendor/laravel/framework/src/Illuminate/Pipeline/Pipeline.php(103): Illuminate\Pipeline\Pipeline->Illuminate\Pipeline\{closure}()
#59 /var/www/html/Dharecruit/vendor/laravel/framework/src/Illuminate/Foundation/Http/Kernel.php(142): Illuminate\Pipeline\Pipeline->then()
#60 /var/www/html/Dharecruit/vendor/laravel/framework/src/Illuminate/Foundation/Http/Kernel.php(111): Illuminate\Foundation\Http\Kernel->sendRequestThroughRouter()
#61 /var/www/html/Dharecruit/public/index.php(52): Illuminate\Foundation\Http\Kernel->handle()
#62 /var/www/html/Dharecruit/server.php(21): require_once('...')
#63 {main}  
[2024-01-08 12:35:57] local.INFO: 10717196  
[2024-01-08 12:36:03] local.INFO: 10717195  
[2024-01-08 12:36:08] local.INFO: 10717194  
[2024-01-08 12:36:14] local.INFO: 10717193  
[2024-01-08 12:36:19] local.INFO: 10717192  
[2024-01-08 12:36:24] local.INFO: 10717191  
[2024-01-08 12:36:30] local.INFO: 10717190  
[2024-01-08 12:36:35] local.INFO: 10717189  
[2024-01-08 12:36:40] local.INFO: 10717188  
[2024-01-08 12:36:46] local.INFO: 10717187  
[2024-01-08 12:36:51] local.INFO: 10717186  
[2024-01-08 12:36:51] local.ERROR: ErrorException: Attempt to read property "name" on null in /var/www/html/Dharecruit/app/Http/Controllers/Admin/BDMSubmissionController.php:264
Stack trace:
#0 /var/www/html/Dharecruit/app/Http/Controllers/Admin/BDMSubmissionController.php(264): Illuminate\Foundation\Bootstrap\HandleExceptions->handleError()
#1 /var/www/html/Dharecruit/vendor/laravel/framework/src/Illuminate/Container/BoundMethod.php(36): App\Http\Controllers\Admin\BDMSubmissionController->App\Http\Controllers\Admin\{closure}()
#2 /var/www/html/Dharecruit/vendor/laravel/framework/src/Illuminate/Container/Util.php(40): Illuminate\Container\BoundMethod::Illuminate\Container\{closure}()
#3 /var/www/html/Dharecruit/vendor/laravel/framework/src/Illuminate/Container/BoundMethod.php(81): Illuminate\Container\Util::unwrapIfClosure()
#4 /var/www/html/Dharecruit/vendor/laravel/framework/src/Illuminate/Container/BoundMethod.php(37): Illuminate\Container\BoundMethod::callBoundMethod()
#5 /var/www/html/Dharecruit/vendor/laravel/framework/src/Illuminate/Container/Container.php(653): Illuminate\Container\BoundMethod::call()
#6 /var/www/html/Dharecruit/vendor/yajra/laravel-datatables-oracle/src/Utilities/Helper.php(71): Illuminate\Container\Container->call()
#7 /var/www/html/Dharecruit/vendor/yajra/laravel-datatables-oracle/src/Processors/DataProcessor.php(137): Yajra\DataTables\Utilities\Helper::compileContent()
#8 /var/www/html/Dharecruit/vendor/yajra/laravel-datatables-oracle/src/Processors/DataProcessor.php(106): Yajra\DataTables\Processors\DataProcessor->addColumns()
#9 /var/www/html/Dharecruit/vendor/yajra/laravel-datatables-oracle/src/DataTableAbstract.php(806): Yajra\DataTables\Processors\DataProcessor->process()
#10 /var/www/html/Dharecruit/vendor/yajra/laravel-datatables-oracle/src/QueryDataTable.php(102): Yajra\DataTables\DataTableAbstract->processResults()
#11 /var/www/html/Dharecruit/app/Http/Controllers/Admin/BDMSubmissionController.php(422): Yajra\DataTables\QueryDataTable->make()
#12 /var/www/html/Dharecruit/vendor/laravel/framework/src/Illuminate/Routing/Controller.php(54): App\Http\Controllers\Admin\BDMSubmissionController->index()
#13 /var/www/html/Dharecruit/vendor/laravel/framework/src/Illuminate/Routing/ControllerDispatcher.php(45): Illuminate\Routing\Controller->callAction()
#14 /var/www/html/Dharecruit/vendor/laravel/framework/src/Illuminate/Routing/Route.php(262): Illuminate\Routing\ControllerDispatcher->dispatch()
#15 /var/www/html/Dharecruit/vendor/laravel/framework/src/Illuminate/Routing/Route.php(205): Illuminate\Routing\Route->runController()
#16 /var/www/html/Dharecruit/vendor/laravel/framework/src/Illuminate/Routing/Router.php(721): Illuminate\Routing\Route->run()
#17 /var/www/html/Dharecruit/vendor/laravel/framework/src/Illuminate/Pipeline/Pipeline.php(128): Illuminate\Routing\Router->Illuminate\Routing\{closure}()
#18 /var/www/html/Dharecruit/app/Http/Middleware/AccessRight.php(17): Illuminate\Pipeline\Pipeline->Illuminate\Pipeline\{closure}()
#19 /var/www/html/Dharecruit/vendor/laravel/framework/src/Illuminate/Pipeline/Pipeline.php(167): App\Http\Middleware\AccessRight->handle()
#20 /var/www/html/Dharecruit/vendor/laravel/framework/src/Illuminate/Routing/Middleware/SubstituteBindings.php(50): Illuminate\Pipeline\Pipeline->Illuminate\Pipeline\{closure}()
#21 /var/www/html/Dharecruit/vendor/laravel/framework/src/Illuminate/Pipeline/Pipeline.php(167): Illuminate\Routing\Middleware\SubstituteBindings->handle()
#22 /var/www/html/Dharecruit/vendor/laravel/framework/src/Illuminate/Auth/Middleware/Authenticate.php(44): Illuminate\Pipeline\Pipeline->Illuminate\Pipeline\{closure}()
#23 /var/www/html/Dharecruit/vendor/laravel/framework/src/Illuminate/Pipeline/Pipeline.php(167): Illuminate\Auth\Middleware\Authenticate->handle()
#24 /var/www/html/Dharecruit/vendor/laravel/framework/src/Illuminate/Auth/Middleware/Authenticate.php(44): Illuminate\Pipeline\Pipeline->Illuminate\Pipeline\{closure}()
#25 /var/www/html/Dharecruit/vendor/laravel/framework/src/Illuminate/Pipeline/Pipeline.php(167): Illuminate\Auth\Middleware\Authenticate->handle()
#26 /var/www/html/Dharecruit/vendor/laravel/framework/src/Illuminate/Foundation/Http/Middleware/VerifyCsrfToken.php(78): Illuminate\Pipeline\Pipeline->Illuminate\Pipeline\{closure}()
#27 /var/www/html/Dharecruit/vendor/laravel/framework/src/Illuminate/Pipeline/Pipeline.php(167): Illuminate\Foundation\Http\Middleware\VerifyCsrfToken->handle()
#28 /var/www/html/Dharecruit/vendor/laravel/framework/src/Illuminate/View/Middleware/ShareErrorsFromSession.php(49): Illuminate\Pipeline\Pipeline->Illuminate\Pipeline\{closure}()
#29 /var/www/html/Dharecruit/vendor/laravel/framework/src/Illuminate/Pipeline/Pipeline.php(167): Illuminate\View\Middleware\ShareErrorsFromSession->handle()
#30 /var/www/html/Dharecruit/vendor/laravel/framework/src/Illuminate/Session/Middleware/StartSession.php(121): Illuminate\Pipeline\Pipeline->Illuminate\Pipeline\{closure}()
#31 /var/www/html/Dharecruit/vendor/laravel/framework/src/Illuminate/Session/Middleware/StartSession.php(64): Illuminate\Session\Middleware\StartSession->handleStatefulRequest()
#32 /var/www/html/Dharecruit/vendor/laravel/framework/src/Illuminate/Pipeline/Pipeline.php(167): Illuminate\Session\Middleware\StartSession->handle()
#33 /var/www/html/Dharecruit/vendor/laravel/framework/src/Illuminate/Cookie/Middleware/AddQueuedCookiesToResponse.php(37): Illuminate\Pipeline\Pipeline->Illuminate\Pipeline\{closure}()
#34 /var/www/html/Dharecruit/vendor/laravel/framework/src/Illuminate/Pipeline/Pipeline.php(167): Illuminate\Cookie\Middleware\AddQueuedCookiesToResponse->handle()
#35 /var/www/html/Dharecruit/vendor/laravel/framework/src/Illuminate/Cookie/Middleware/EncryptCookies.php(67): Illuminate\Pipeline\Pipeline->Illuminate\Pipeline\{closure}()
#36 /var/www/html/Dharecruit/vendor/laravel/framework/src/Illuminate/Pipeline/Pipeline.php(167): Illuminate\Cookie\Middleware\EncryptCookies->handle()
#37 /var/www/html/Dharecruit/vendor/laravel/framework/src/Illuminate/Pipeline/Pipeline.php(103): Illuminate\Pipeline\Pipeline->Illuminate\Pipeline\{closure}()
#38 /var/www/html/Dharecruit/vendor/laravel/framework/src/Illuminate/Routing/Router.php(723): Illuminate\Pipeline\Pipeline->then()
#39 /var/www/html/Dharecruit/vendor/laravel/framework/src/Illuminate/Routing/Router.php(698): Illuminate\Routing\Router->runRouteWithinStack()
#40 /var/www/html/Dharecruit/vendor/laravel/framework/src/Illuminate/Routing/Router.php(662): Illuminate\Routing\Router->runRoute()
#41 /var/www/html/Dharecruit/vendor/laravel/framework/src/Illuminate/Routing/Router.php(651): Illuminate\Routing\Router->dispatchToRoute()
#42 /var/www/html/Dharecruit/vendor/laravel/framework/src/Illuminate/Foundation/Http/Kernel.php(167): Illuminate\Routing\Router->dispatch()
#43 /var/www/html/Dharecruit/vendor/laravel/framework/src/Illuminate/Pipeline/Pipeline.php(128): Illuminate\Foundation\Http\Kernel->Illuminate\Foundation\Http\{closure}()
#44 /var/www/html/Dharecruit/vendor/laravel/framework/src/Illuminate/Foundation/Http/Middleware/TransformsRequest.php(21): Illuminate\Pipeline\Pipeline->Illuminate\Pipeline\{closure}()
#45 /var/www/html/Dharecruit/vendor/laravel/framework/src/Illuminate/Foundation/Http/Middleware/ConvertEmptyStringsToNull.php(31): Illuminate\Foundation\Http\Middleware\TransformsRequest->handle()
#46 /var/www/html/Dharecruit/vendor/laravel/framework/src/Illuminate/Pipeline/Pipeline.php(167): Illuminate\Foundation\Http\Middleware\ConvertEmptyStringsToNull->handle()
#47 /var/www/html/Dharecruit/vendor/laravel/framework/src/Illuminate/Foundation/Http/Middleware/TransformsRequest.php(21): Illuminate\Pipeline\Pipeline->Illuminate\Pipeline\{closure}()
#48 /var/www/html/Dharecruit/vendor/laravel/framework/src/Illuminate/Foundation/Http/Middleware/TrimStrings.php(40): Illuminate\Foundation\Http\Middleware\TransformsRequest->handle()
#49 /var/www/html/Dharecruit/vendor/laravel/framework/src/Illuminate/Pipeline/Pipeline.php(167): Illuminate\Foundation\Http\Middleware\TrimStrings->handle()
#50 /var/www/html/Dharecruit/vendor/laravel/framework/src/Illuminate/Foundation/Http/Middleware/ValidatePostSize.php(27): Illuminate\Pipeline\Pipeline->Illuminate\Pipeline\{closure}()
#51 /var/www/html/Dharecruit/vendor/laravel/framework/src/Illuminate/Pipeline/Pipeline.php(167): Illuminate\Foundation\Http\Middleware\ValidatePostSize->handle()
#52 /var/www/html/Dharecruit/vendor/laravel/framework/src/Illuminate/Foundation/Http/Middleware/PreventRequestsDuringMaintenance.php(86): Illuminate\Pipeline\Pipeline->Illuminate\Pipeline\{closure}()
#53 /var/www/html/Dharecruit/vendor/laravel/framework/src/Illuminate/Pipeline/Pipeline.php(167): Illuminate\Foundation\Http\Middleware\PreventRequestsDuringMaintenance->handle()
#54 /var/www/html/Dharecruit/vendor/fruitcake/laravel-cors/src/HandleCors.php(38): Illuminate\Pipeline\Pipeline->Illuminate\Pipeline\{closure}()
#55 /var/www/html/Dharecruit/vendor/laravel/framework/src/Illuminate/Pipeline/Pipeline.php(167): Fruitcake\Cors\HandleCors->handle()
#56 /var/www/html/Dharecruit/vendor/laravel/framework/src/Illuminate/Http/Middleware/TrustProxies.php(39): Illuminate\Pipeline\Pipeline->Illuminate\Pipeline\{closure}()
#57 /var/www/html/Dharecruit/vendor/laravel/framework/src/Illuminate/Pipeline/Pipeline.php(167): Illuminate\Http\Middleware\TrustProxies->handle()
#58 /var/www/html/Dharecruit/vendor/laravel/framework/src/Illuminate/Pipeline/Pipeline.php(103): Illuminate\Pipeline\Pipeline->Illuminate\Pipeline\{closure}()
#59 /var/www/html/Dharecruit/vendor/laravel/framework/src/Illuminate/Foundation/Http/Kernel.php(142): Illuminate\Pipeline\Pipeline->then()
#60 /var/www/html/Dharecruit/vendor/laravel/framework/src/Illuminate/Foundation/Http/Kernel.php(111): Illuminate\Foundation\Http\Kernel->sendRequestThroughRouter()
#61 /var/www/html/Dharecruit/public/index.php(52): Illuminate\Foundation\Http\Kernel->handle()
#62 /var/www/html/Dharecruit/server.php(21): require_once('...')
#63 {main}  
